#
# There is insufficient memory for the Java Runtime Environment to continue.
# Native memory allocation (mmap) failed to map 471859200 bytes for G1 virtual space
# Possible reasons:
#   The system is out of physical RAM or swap space
#   The process is running with CompressedOops enabled, and the Java Heap may be blocking the growth of the native heap
# Possible solutions:
#   Reduce memory load on the system
#   Increase physical memory or swap space
#   Check if swap backing store is full
#   Decrease Java heap size (-Xmx/-Xms)
#   Decrease number of Java threads
#   Decrease Java thread stack sizes (-Xss)
#   Set larger code cache with -XX:ReservedCodeCacheSize=
#   JVM is running with Unscaled Compressed Oops mode in which the Java heap is
#     placed in the first 4GB address space. The Java Heap base address is the
#     maximum limit for the native heap growth. Please use -XX:HeapBaseMinAddress
#     to set the Java Heap base and to place the Java Heap above 4GB virtual address.
# This output file may be truncated or incomplete.
#
#  Out of Memory Error (os_windows.cpp:3530), pid=14272, tid=19452
#
# JRE version: OpenJDK Runtime Environment (18.0+36) (build 18+36-2087)
# Java VM: OpenJDK 64-Bit Server VM (18+36-2087, mixed mode, emulated-client, sharing, tiered, compressed oops, compressed class ptrs, g1 gc, windows-amd64)
# No core dump will be written. Minidumps are not enabled by default on client versions of Windows
#

---------------  S U M M A R Y ------------

Command Line: -XX:TieredStopAtLevel=1 -Xverify:none -Dspring.output.ansi.enabled=always -Dcom.sun.management.jmxremote -Dspring.jmx.enabled=true -Dspring.liveBeansView.mbeanDomain -Dspring.application.admin.enabled=true -javaagent:C:\Program Files\JetBrains\IntelliJ IDEA 2021.3.2\lib\idea_rt.jar=56660:C:\Program Files\JetBrains\IntelliJ IDEA 2021.3.2\bin -Dfile.encoding=UTF-8 com.ird.faa.FaaApplication

Host: Intel(R) Core(TM) i7-6498DU CPU @ 2.50GHz, 4 cores, 7G,  Windows 10 , 64 bit Build 19041 (10.0.19041.1706)
Time: Wed May 25 21:21:57 2022 Morocco Daylight Time elapsed time: 4248.443846 seconds (0d 1h 10m 48s)

---------------  T H R E A D  ---------------

Current thread (0x0000017f54fa7490):  VMThread "VM Thread" [stack: 0x000000296a300000,0x000000296a400000] [id=19452]

Stack: [0x000000296a300000,0x000000296a400000]
Native frames: (J=compiled Java code, j=interpreted, Vv=VM code, C=native code)
V  [jvm.dll+0x69804a]
V  [jvm.dll+0x7f308d]
V  [jvm.dll+0x7f499e]
V  [jvm.dll+0x7f5053]
V  [jvm.dll+0x25ca3f]
V  [jvm.dll+0x694f99]
V  [jvm.dll+0x689aca]
V  [jvm.dll+0x321efb]
V  [jvm.dll+0x3298d6]
V  [jvm.dll+0x37e47e]
V  [jvm.dll+0x37e6af]
V  [jvm.dll+0x2f9c7a]
V  [jvm.dll+0x2f9d27]
V  [jvm.dll+0x33e262]
V  [jvm.dll+0x33c804]
V  [jvm.dll+0x2f9450]
V  [jvm.dll+0x33bddb]
V  [jvm.dll+0x7f9e3b]
V  [jvm.dll+0x7fabd4]
V  [jvm.dll+0x7fb10c]
V  [jvm.dll+0x7fb564]
V  [jvm.dll+0x7fb627]
V  [jvm.dll+0x79fbba]
V  [jvm.dll+0x696ef5]
C  [ucrtbase.dll+0x21bb2]
C  [KERNEL32.DLL+0x17034]
C  [ntdll.dll+0x52651]

VM_Operation (0x000000296c0f7680): G1CollectForAllocation, mode: safepoint, requested by thread 0x0000017f59b0b520


---------------  P R O C E S S  ---------------

Threads class SMR info:
_java_thread_list=0x0000017f5bf85720, length=32, elements={
0x0000017f54faac30, 0x0000017f54faf8a0, 0x0000017f54fc30c0, 0x0000017f54fc4a70,
0x0000017f54fc5410, 0x0000017f54fc5db0, 0x0000017f54fc6750, 0x0000017f54ffce50,
0x0000017f54f78220, 0x0000017f5984daf0, 0x0000017f5984dfb0, 0x0000017f59a09ae0,
0x0000017f59bd4d60, 0x0000017f59b0cd30, 0x0000017f59b0e540, 0x0000017f59b0dba0,
0x0000017f59b0ea10, 0x0000017f59b0bec0, 0x0000017f5bd9fca0, 0x0000017f5bda0170,
0x0000017f5bd9f300, 0x0000017f5bda0640, 0x0000017f59b0b520, 0x0000017f59b0b9f0,
0x0000017f59b0c860, 0x0000017f59b0d200, 0x0000017f59b0e070, 0x0000017f5b33f630,
0x0000017f5b3467b0, 0x0000017f5b3462e0, 0x0000017f5b344fa0, 0x0000017f5bd9ee30
}

Java Threads: ( => current thread )
  0x0000017f54faac30 JavaThread "Reference Handler" daemon [_thread_blocked, id=8168, stack(0x000000296a400000,0x000000296a500000)]
  0x0000017f54faf8a0 JavaThread "Finalizer" daemon [_thread_blocked, id=15544, stack(0x000000296a500000,0x000000296a600000)]
  0x0000017f54fc30c0 JavaThread "Signal Dispatcher" daemon [_thread_blocked, id=10708, stack(0x000000296a600000,0x000000296a700000)]
  0x0000017f54fc4a70 JavaThread "Attach Listener" daemon [_thread_blocked, id=16248, stack(0x000000296a700000,0x000000296a800000)]
  0x0000017f54fc5410 JavaThread "Service Thread" daemon [_thread_blocked, id=1700, stack(0x000000296a800000,0x000000296a900000)]
  0x0000017f54fc5db0 JavaThread "Monitor Deflation Thread" daemon [_thread_blocked, id=15920, stack(0x000000296a900000,0x000000296aa00000)]
  0x0000017f54fc6750 JavaThread "C1 CompilerThread0" daemon [_thread_blocked, id=5296, stack(0x000000296aa00000,0x000000296ab00000)]
  0x0000017f54ffce50 JavaThread "Sweeper thread" daemon [_thread_blocked, id=13088, stack(0x000000296ab00000,0x000000296ac00000)]
  0x0000017f54f78220 JavaThread "Common-Cleaner" daemon [_thread_blocked, id=3292, stack(0x000000296ac00000,0x000000296ad00000)]
  0x0000017f5984daf0 JavaThread "Monitor Ctrl-Break" daemon [_thread_in_native, id=8928, stack(0x000000296ae00000,0x000000296af00000)]
  0x0000017f5984dfb0 JavaThread "Notification Thread" daemon [_thread_blocked, id=17656, stack(0x000000296af00000,0x000000296b000000)]
  0x0000017f59a09ae0 JavaThread "RMI TCP Accept-0" daemon [_thread_in_native, id=9948, stack(0x000000296b000000,0x000000296b100000)]
  0x0000017f59bd4d60 JavaThread "RMI Scheduler(0)" daemon [_thread_blocked, id=9316, stack(0x000000296b800000,0x000000296b900000)]
  0x0000017f59b0cd30 JavaThread "mysql-cj-abandoned-connection-cleanup" daemon [_thread_blocked, id=1628, stack(0x000000296b200000,0x000000296b300000)]
  0x0000017f59b0e540 JavaThread "Catalina-utility-1" [_thread_blocked, id=11864, stack(0x000000296b900000,0x000000296ba00000)]
  0x0000017f59b0dba0 JavaThread "Catalina-utility-2" [_thread_blocked, id=14952, stack(0x000000296ba00000,0x000000296bb00000)]
  0x0000017f59b0ea10 JavaThread "container-0" [_thread_blocked, id=15948, stack(0x000000296bb00000,0x000000296bc00000)]
  0x0000017f59b0bec0 JavaThread "HikariPool-1 housekeeper" daemon [_thread_blocked, id=14040, stack(0x000000296bc00000,0x000000296bd00000)]
  0x0000017f5bd9fca0 JavaThread "http-nio-8036-BlockPoller" daemon [_thread_in_native, id=3156, stack(0x0000002969b00000,0x0000002969c00000)]
  0x0000017f5bda0170 JavaThread "http-nio-8036-exec-1" daemon [_thread_blocked, id=12400, stack(0x0000002969c00000,0x0000002969d00000)]
  0x0000017f5bd9f300 JavaThread "http-nio-8036-exec-2" daemon [_thread_blocked, id=11480, stack(0x000000296be00000,0x000000296bf00000)]
  0x0000017f5bda0640 JavaThread "http-nio-8036-exec-3" daemon [_thread_blocked, id=11156, stack(0x000000296bf00000,0x000000296c000000)]
  0x0000017f59b0b520 JavaThread "http-nio-8036-exec-4" daemon [_thread_blocked, id=19172, stack(0x000000296c000000,0x000000296c100000)]
  0x0000017f59b0b9f0 JavaThread "http-nio-8036-exec-5" daemon [_thread_blocked, id=13192, stack(0x000000296c100000,0x000000296c200000)]
  0x0000017f59b0c860 JavaThread "http-nio-8036-exec-6" daemon [_thread_blocked, id=19096, stack(0x000000296c200000,0x000000296c300000)]
  0x0000017f59b0d200 JavaThread "http-nio-8036-exec-7" daemon [_thread_blocked, id=19068, stack(0x000000296c300000,0x000000296c400000)]
  0x0000017f59b0e070 JavaThread "http-nio-8036-exec-8" daemon [_thread_blocked, id=17228, stack(0x000000296c400000,0x000000296c500000)]
  0x0000017f5b33f630 JavaThread "http-nio-8036-exec-9" daemon [_thread_blocked, id=1924, stack(0x000000296c500000,0x000000296c600000)]
  0x0000017f5b3467b0 JavaThread "http-nio-8036-exec-10" daemon [_thread_blocked, id=11580, stack(0x000000296c600000,0x000000296c700000)]
  0x0000017f5b3462e0 JavaThread "http-nio-8036-ClientPoller" daemon [_thread_in_native, id=17736, stack(0x000000296c700000,0x000000296c800000)]
  0x0000017f5b344fa0 JavaThread "http-nio-8036-Acceptor" daemon [_thread_in_native, id=1888, stack(0x000000296c800000,0x000000296c900000)]
  0x0000017f5bd9ee30 JavaThread "DestroyJavaVM" [_thread_blocked, id=3812, stack(0x0000002969d00000,0x0000002969e00000)]

Other Threads:
=>0x0000017f54fa7490 VMThread "VM Thread" [stack: 0x000000296a300000,0x000000296a400000] [id=19452]
  0x0000017f43907ac0 WatcherThread "VM Periodic Task Thread" [stack: 0x000000296b100000,0x000000296b200000] [id=18896]
  0x0000017f439641c0 WorkerThread "GC Thread#0" [stack: 0x0000002969e00000,0x0000002969f00000] [id=17300]
  0x0000017f59a714a0 WorkerThread "GC Thread#1" [stack: 0x000000296b300000,0x000000296b400000] [id=524]
  0x0000017f59a71740 WorkerThread "GC Thread#2" [stack: 0x000000296b400000,0x000000296b500000] [id=1004]
  0x0000017f59b51860 WorkerThread "GC Thread#3" [stack: 0x000000296b500000,0x000000296b600000] [id=3608]
  0x0000017f43974d30 ConcurrentGCThread "G1 Main Marker" [stack: 0x0000002969f00000,0x000000296a000000] [id=15744]
  0x0000017f43976730 WorkerThread "G1 Conc#0" [stack: 0x000000296a000000,0x000000296a100000] [id=1176]
  0x0000017f439b30f0 ConcurrentGCThread "G1 Refine#0" [stack: 0x000000296a100000,0x000000296a200000] [id=3400]
  0x0000017f59a719e0 ConcurrentGCThread "G1 Refine#1" [stack: 0x000000296b600000,0x000000296b700000] [id=11128]
  0x0000017f439b3a00 ConcurrentGCThread "G1 Service" [stack: 0x000000296a200000,0x000000296a300000] [id=13496]

Threads with active compile tasks:

VM state: at safepoint (normal execution)

VM Mutex/Monitor currently owned by a thread:  ([mutex/lock_event])
[0x0000017f439026e0] Threads_lock - owner thread: 0x0000017f54fa7490
[0x0000017f43902260] Heap_lock - owner thread: 0x0000017f59b0b520

Heap address: 0x0000000081e00000, size: 2018 MB, Compressed Oops mode: 32-bit

CDS archive(s) mapped at: [0x0000000800000000-0x0000000800b90000-0x0000000800b90000), size 12124160, SharedBaseAddress: 0x0000000800000000, ArchiveRelocationMode: 0.
Compressed class space mapped at: 0x0000000800c00000-0x0000000840c00000, reserved size: 1073741824
Narrow klass base: 0x0000000800000000, Narrow klass shift: 0, Narrow klass range: 0x100000000

GC Precious Log:
 CardTable entry size: 512
 Card Set container configuration: InlinePtr #cards 5 size 8 Array Of Cards #cards 12 size 40 Howl #buckets 4 coarsen threshold 1843 Howl Bitmap #cards 512 size 80 coarsen threshold 460 Card regions per heap region 1 cards per card region 2048
 CPUs: 4 total, 4 available
 Memory: 8065M
 Large Page Support: Disabled
 NUMA Support: Disabled
 Compressed Oops: Enabled (32-bit)
 Heap Region Size: 1M
 Heap Min Capacity: 8M
 Heap Initial Capacity: 128M
 Heap Max Capacity: 2018M
 Pre-touch: Disabled
 Parallel Workers: 4
 Concurrent Workers: 1
 Concurrent Refinement Workers: 4
 Periodic GC: Disabled

Heap:
 garbage-first heap   total 311296K, used 84602K [0x0000000081e00000, 0x0000000100000000)
  region size 1024K, 1 young (1024K), 1 survivors (1024K)
 Metaspace       used 69250K, committed 70912K, reserved 1114112K
  class space    used 9157K, committed 9728K, reserved 1048576K

Heap Regions: E=young(eden), S=young(survivor), O=old, HS=humongous(starts), HC=humongous(continues), CS=collection set, F=free, OA=open archive, CA=closed archive, TAMS=top-at-mark-start (previous, next)
|   0|0x0000000081e00000, 0x0000000081f00000, 0x0000000081f00000|100%|HS|  |TAMS 0x0000000081f00000, 0x0000000081f00000| Complete 
|   1|0x0000000081f00000, 0x0000000082000000, 0x0000000082000000|100%| O|  |TAMS 0x0000000082000000, 0x0000000082000000| Untracked 
|   2|0x0000000082000000, 0x0000000082100000, 0x0000000082100000|100%| O|  |TAMS 0x0000000082100000, 0x0000000082100000| Untracked 
|   3|0x0000000082100000, 0x0000000082200000, 0x0000000082200000|100%| O|  |TAMS 0x0000000082200000, 0x0000000082200000| Untracked 
|   4|0x0000000082200000, 0x0000000082300000, 0x0000000082300000|100%| O|  |TAMS 0x0000000082300000, 0x0000000082300000| Untracked 
|   5|0x0000000082300000, 0x0000000082400000, 0x0000000082400000|100%| O|  |TAMS 0x0000000082400000, 0x0000000082400000| Untracked 
|   6|0x0000000082400000, 0x0000000082500000, 0x0000000082500000|100%| O|  |TAMS 0x0000000082500000, 0x0000000082500000| Untracked 
|   7|0x0000000082500000, 0x0000000082600000, 0x0000000082600000|100%| O|  |TAMS 0x0000000082600000, 0x0000000082600000| Untracked 
|   8|0x0000000082600000, 0x0000000082700000, 0x0000000082700000|100%| O|  |TAMS 0x0000000082700000, 0x0000000082700000| Untracked 
|   9|0x0000000082700000, 0x0000000082800000, 0x0000000082800000|100%| O|  |TAMS 0x0000000082800000, 0x0000000082800000| Untracked 
|  10|0x0000000082800000, 0x0000000082900000, 0x0000000082900000|100%| O|  |TAMS 0x0000000082900000, 0x0000000082900000| Untracked 
|  11|0x0000000082900000, 0x0000000082a00000, 0x0000000082a00000|100%| O|  |TAMS 0x0000000082a00000, 0x0000000082a00000| Untracked 
|  12|0x0000000082a00000, 0x0000000082b00000, 0x0000000082b00000|100%| O|  |TAMS 0x0000000082b00000, 0x0000000082b00000| Untracked 
|  13|0x0000000082b00000, 0x0000000082c00000, 0x0000000082c00000|100%| O|  |TAMS 0x0000000082c00000, 0x0000000082c00000| Untracked 
|  14|0x0000000082c00000, 0x0000000082d00000, 0x0000000082d00000|100%| O|  |TAMS 0x0000000082d00000, 0x0000000082d00000| Untracked 
|  15|0x0000000082d00000, 0x0000000082e00000, 0x0000000082e00000|100%| O|  |TAMS 0x0000000082e00000, 0x0000000082e00000| Untracked 
|  16|0x0000000082e00000, 0x0000000082f00000, 0x0000000082f00000|100%| O|  |TAMS 0x0000000082f00000, 0x0000000082f00000| Untracked 
|  17|0x0000000082f00000, 0x0000000083000000, 0x0000000083000000|100%| O|  |TAMS 0x0000000083000000, 0x0000000083000000| Untracked 
|  18|0x0000000083000000, 0x0000000083100000, 0x0000000083100000|100%| O|  |TAMS 0x0000000083100000, 0x0000000083100000| Untracked 
|  19|0x0000000083100000, 0x0000000083200000, 0x0000000083200000|100%| O|  |TAMS 0x0000000083200000, 0x0000000083200000| Untracked 
|  20|0x0000000083200000, 0x0000000083300000, 0x0000000083300000|100%| O|  |TAMS 0x0000000083300000, 0x0000000083300000| Untracked 
|  21|0x0000000083300000, 0x0000000083400000, 0x0000000083400000|100%| O|  |TAMS 0x0000000083400000, 0x0000000083400000| Untracked 
|  22|0x0000000083400000, 0x0000000083500000, 0x0000000083500000|100%| O|  |TAMS 0x0000000083500000, 0x0000000083500000| Untracked 
|  23|0x0000000083500000, 0x0000000083600000, 0x0000000083600000|100%| O|  |TAMS 0x0000000083600000, 0x0000000083600000| Untracked 
|  24|0x0000000083600000, 0x0000000083700000, 0x0000000083700000|100%| O|  |TAMS 0x0000000083700000, 0x0000000083700000| Untracked 
|  25|0x0000000083700000, 0x00000000837dbc00, 0x0000000083800000| 85%| O|  |TAMS 0x00000000837dbc00, 0x00000000837dbc00| Untracked 
|  26|0x0000000083800000, 0x0000000083900000, 0x0000000083900000|100%| O|  |TAMS 0x0000000083817800, 0x0000000083900000| Untracked 
|  27|0x0000000083900000, 0x0000000083a00000, 0x0000000083a00000|100%| O|  |TAMS 0x0000000083a00000, 0x0000000083a00000| Untracked 
|  28|0x0000000083a00000, 0x0000000083b00000, 0x0000000083b00000|100%| O|  |TAMS 0x0000000083b00000, 0x0000000083b00000| Untracked 
|  29|0x0000000083b00000, 0x0000000083c00000, 0x0000000083c00000|100%| O|  |TAMS 0x0000000083c00000, 0x0000000083c00000| Untracked 
|  30|0x0000000083c00000, 0x0000000083d00000, 0x0000000083d00000|100%| O|  |TAMS 0x0000000083d00000, 0x0000000083d00000| Untracked 
|  31|0x0000000083d00000, 0x0000000083e00000, 0x0000000083e00000|100%| O|  |TAMS 0x0000000083e00000, 0x0000000083e00000| Untracked 
|  32|0x0000000083e00000, 0x0000000083f00000, 0x0000000083f00000|100%| O|  |TAMS 0x0000000083f00000, 0x0000000083f00000| Untracked 
|  33|0x0000000083f00000, 0x0000000083fa8a00, 0x0000000084000000| 65%| O|  |TAMS 0x0000000083f00000, 0x0000000083fa0400| Untracked 
|  34|0x0000000084000000, 0x0000000084100000, 0x0000000084100000|100%| O|  |TAMS 0x0000000084100000, 0x0000000084100000| Untracked 
|  35|0x0000000084100000, 0x0000000084200000, 0x0000000084200000|100%| O|  |TAMS 0x0000000084200000, 0x0000000084200000| Untracked 
|  36|0x0000000084200000, 0x0000000084300000, 0x0000000084300000|100%| O|  |TAMS 0x0000000084300000, 0x0000000084300000| Untracked 
|  37|0x0000000084300000, 0x0000000084400000, 0x0000000084400000|100%| O|  |TAMS 0x0000000084400000, 0x0000000084400000| Untracked 
|  38|0x0000000084400000, 0x0000000084500000, 0x0000000084500000|100%| O|  |TAMS 0x0000000084500000, 0x0000000084500000| Untracked 
|  39|0x0000000084500000, 0x0000000084600000, 0x0000000084600000|100%| O|  |TAMS 0x0000000084600000, 0x0000000084600000| Untracked 
|  40|0x0000000084600000, 0x0000000084700000, 0x0000000084700000|100%| O|  |TAMS 0x0000000084700000, 0x0000000084700000| Untracked 
|  41|0x0000000084700000, 0x0000000084800000, 0x0000000084800000|100%| O|  |TAMS 0x0000000084800000, 0x0000000084800000| Untracked 
|  42|0x0000000084800000, 0x0000000084900000, 0x0000000084900000|100%| O|  |TAMS 0x0000000084900000, 0x0000000084900000| Untracked 
|  43|0x0000000084900000, 0x0000000084a00000, 0x0000000084a00000|100%| O|  |TAMS 0x0000000084a00000, 0x0000000084a00000| Untracked 
|  44|0x0000000084a00000, 0x0000000084a00000, 0x0000000084b00000|  0%| F|  |TAMS 0x0000000084a00000, 0x0000000084a00000| Untracked 
|  45|0x0000000084b00000, 0x0000000084c00000, 0x0000000084c00000|100%| O|  |TAMS 0x0000000084c00000, 0x0000000084c00000| Untracked 
|  46|0x0000000084c00000, 0x0000000084d00000, 0x0000000084d00000|100%| O|  |TAMS 0x0000000084d00000, 0x0000000084d00000| Untracked 
|  47|0x0000000084d00000, 0x0000000084e00000, 0x0000000084e00000|100%| O|  |TAMS 0x0000000084e00000, 0x0000000084e00000| Untracked 
|  48|0x0000000084e00000, 0x0000000084e00000, 0x0000000084f00000|  0%| F|  |TAMS 0x0000000084e00000, 0x0000000084e00000| Untracked 
|  49|0x0000000084f00000, 0x0000000084f00000, 0x0000000085000000|  0%| F|  |TAMS 0x0000000084f00000, 0x0000000084f00000| Untracked 
|  50|0x0000000085000000, 0x0000000085000000, 0x0000000085100000|  0%| F|  |TAMS 0x0000000085000000, 0x0000000085000000| Untracked 
|  51|0x0000000085100000, 0x0000000085100000, 0x0000000085200000|  0%| F|  |TAMS 0x0000000085100000, 0x0000000085100000| Untracked 
|  52|0x0000000085200000, 0x0000000085300000, 0x0000000085300000|100%| O|  |TAMS 0x0000000085300000, 0x0000000085300000| Untracked 
|  53|0x0000000085300000, 0x0000000085400000, 0x0000000085400000|100%| O|  |TAMS 0x0000000085400000, 0x0000000085400000| Untracked 
|  54|0x0000000085400000, 0x0000000085400000, 0x0000000085500000|  0%| F|  |TAMS 0x0000000085400000, 0x0000000085400000| Untracked 
|  55|0x0000000085500000, 0x0000000085500000, 0x0000000085600000|  0%| F|  |TAMS 0x0000000085500000, 0x0000000085500000| Untracked 
|  56|0x0000000085600000, 0x0000000085700000, 0x0000000085700000|100%| O|  |TAMS 0x0000000085700000, 0x0000000085700000| Untracked 
|  57|0x0000000085700000, 0x0000000085700000, 0x0000000085800000|  0%| F|  |TAMS 0x0000000085700000, 0x0000000085700000| Untracked 
|  58|0x0000000085800000, 0x0000000085800000, 0x0000000085900000|  0%| F|  |TAMS 0x0000000085800000, 0x0000000085800000| Untracked 
|  59|0x0000000085900000, 0x0000000085900000, 0x0000000085a00000|  0%| F|  |TAMS 0x0000000085900000, 0x0000000085900000| Untracked 
|  60|0x0000000085a00000, 0x0000000085b00000, 0x0000000085b00000|100%| O|  |TAMS 0x0000000085b00000, 0x0000000085b00000| Untracked 
|  61|0x0000000085b00000, 0x0000000085c00000, 0x0000000085c00000|100%| O|  |TAMS 0x0000000085c00000, 0x0000000085c00000| Untracked 
|  62|0x0000000085c00000, 0x0000000085d00000, 0x0000000085d00000|100%| O|  |TAMS 0x0000000085d00000, 0x0000000085d00000| Untracked 
|  63|0x0000000085d00000, 0x0000000085d00000, 0x0000000085e00000|  0%| F|  |TAMS 0x0000000085d00000, 0x0000000085d00000| Untracked 
|  64|0x0000000085e00000, 0x0000000085f00000, 0x0000000085f00000|100%| O|  |TAMS 0x0000000085f00000, 0x0000000085f00000| Untracked 
|  65|0x0000000085f00000, 0x0000000086000000, 0x0000000086000000|100%| O|  |TAMS 0x0000000086000000, 0x0000000086000000| Untracked 
|  66|0x0000000086000000, 0x0000000086100000, 0x0000000086100000|100%| O|  |TAMS 0x0000000086100000, 0x0000000086100000| Untracked 
|  67|0x0000000086100000, 0x0000000086200000, 0x0000000086200000|100%| O|  |TAMS 0x0000000086200000, 0x0000000086200000| Untracked 
|  68|0x0000000086200000, 0x0000000086300000, 0x0000000086300000|100%| O|  |TAMS 0x0000000086300000, 0x0000000086300000| Untracked 
|  69|0x0000000086300000, 0x0000000086400000, 0x0000000086400000|100%| O|  |TAMS 0x0000000086400000, 0x0000000086400000| Untracked 
|  70|0x0000000086400000, 0x0000000086500000, 0x0000000086500000|100%| O|  |TAMS 0x0000000086500000, 0x0000000086500000| Untracked 
|  71|0x0000000086500000, 0x0000000086600000, 0x0000000086600000|100%| O|  |TAMS 0x0000000086600000, 0x0000000086600000| Untracked 
|  72|0x0000000086600000, 0x0000000086700000, 0x0000000086700000|100%| O|  |TAMS 0x0000000086700000, 0x0000000086700000| Untracked 
|  73|0x0000000086700000, 0x0000000086700000, 0x0000000086800000|  0%| F|  |TAMS 0x0000000086700000, 0x0000000086700000| Untracked 
|  74|0x0000000086800000, 0x0000000086900000, 0x0000000086900000|100%| O|  |TAMS 0x0000000086900000, 0x0000000086900000| Untracked 
|  75|0x0000000086900000, 0x0000000086a00000, 0x0000000086a00000|100%| O|  |TAMS 0x0000000086a00000, 0x0000000086a00000| Untracked 
|  76|0x0000000086a00000, 0x0000000086b00000, 0x0000000086b00000|100%| O|  |TAMS 0x0000000086b00000, 0x0000000086b00000| Untracked 
|  77|0x0000000086b00000, 0x0000000086c00000, 0x0000000086c00000|100%| O|  |TAMS 0x0000000086c00000, 0x0000000086c00000| Untracked 
|  78|0x0000000086c00000, 0x0000000086d00000, 0x0000000086d00000|100%| O|  |TAMS 0x0000000086d00000, 0x0000000086d00000| Untracked 
|  79|0x0000000086d00000, 0x0000000086e00000, 0x0000000086e00000|100%| O|  |TAMS 0x0000000086e00000, 0x0000000086e00000| Untracked 
|  80|0x0000000086e00000, 0x0000000086f00000, 0x0000000086f00000|100%| O|  |TAMS 0x0000000086f00000, 0x0000000086f00000| Untracked 
|  81|0x0000000086f00000, 0x0000000087000000, 0x0000000087000000|100%| O|  |TAMS 0x0000000087000000, 0x0000000087000000| Untracked 
|  82|0x0000000087000000, 0x0000000087100000, 0x0000000087100000|100%| O|  |TAMS 0x0000000087100000, 0x0000000087100000| Untracked 
|  83|0x0000000087100000, 0x0000000087200000, 0x0000000087200000|100%| O|  |TAMS 0x0000000087200000, 0x0000000087200000| Untracked 
|  84|0x0000000087200000, 0x0000000087300000, 0x0000000087300000|100%| O|  |TAMS 0x0000000087300000, 0x0000000087300000| Untracked 
|  85|0x0000000087300000, 0x0000000087400000, 0x0000000087400000|100%| O|  |TAMS 0x0000000087400000, 0x0000000087400000| Untracked 
|  86|0x0000000087400000, 0x0000000087500000, 0x0000000087500000|100%| O|  |TAMS 0x0000000087500000, 0x0000000087500000| Untracked 
|  87|0x0000000087500000, 0x0000000087600000, 0x0000000087600000|100%| O|  |TAMS 0x0000000087600000, 0x0000000087600000| Untracked 
|  88|0x0000000087600000, 0x0000000087700000, 0x0000000087700000|100%| O|  |TAMS 0x0000000087700000, 0x0000000087700000| Untracked 
|  89|0x0000000087700000, 0x0000000087800000, 0x0000000087800000|100%| O|  |TAMS 0x0000000087800000, 0x0000000087800000| Untracked 
|  90|0x0000000087800000, 0x0000000087900000, 0x0000000087900000|100%| O|  |TAMS 0x0000000087900000, 0x0000000087900000| Untracked 
|  91|0x0000000087900000, 0x0000000087a00000, 0x0000000087a00000|100%| O|  |TAMS 0x0000000087a00000, 0x0000000087a00000| Untracked 
|  92|0x0000000087a00000, 0x0000000087a00000, 0x0000000087b00000|  0%| F|  |TAMS 0x0000000087a00000, 0x0000000087a00000| Untracked 
|  93|0x0000000087b00000, 0x0000000087c00000, 0x0000000087c00000|100%| O|  |TAMS 0x0000000087c00000, 0x0000000087c00000| Untracked 
|  94|0x0000000087c00000, 0x0000000087d00000, 0x0000000087d00000|100%| O|  |TAMS 0x0000000087d00000, 0x0000000087d00000| Untracked 
|  95|0x0000000087d00000, 0x0000000087e00000, 0x0000000087e00000|100%| O|  |TAMS 0x0000000087e00000, 0x0000000087e00000| Untracked 
|  96|0x0000000087e00000, 0x0000000087e00000, 0x0000000087f00000|  0%| F|  |TAMS 0x0000000087e00000, 0x0000000087e00000| Untracked 
|  97|0x0000000087f00000, 0x0000000087f00000, 0x0000000088000000|  0%| F|  |TAMS 0x0000000087f00000, 0x0000000087f00000| Untracked 
|  98|0x0000000088000000, 0x0000000088000000, 0x0000000088100000|  0%| F|  |TAMS 0x0000000088000000, 0x0000000088000000| Untracked 
|  99|0x0000000088100000, 0x0000000088100000, 0x0000000088200000|  0%| F|  |TAMS 0x0000000088100000, 0x0000000088100000| Untracked 
| 100|0x0000000088200000, 0x0000000088200000, 0x0000000088300000|  0%| F|  |TAMS 0x0000000088200000, 0x0000000088200000| Untracked 
| 101|0x0000000088300000, 0x0000000088300000, 0x0000000088400000|  0%| F|  |TAMS 0x0000000088300000, 0x0000000088300000| Untracked 
| 102|0x0000000088400000, 0x0000000088400000, 0x0000000088500000|  0%| F|  |TAMS 0x0000000088400000, 0x0000000088400000| Untracked 
| 103|0x0000000088500000, 0x0000000088500000, 0x0000000088600000|  0%| F|  |TAMS 0x0000000088500000, 0x0000000088500000| Untracked 
| 104|0x0000000088600000, 0x0000000088600000, 0x0000000088700000|  0%| F|  |TAMS 0x0000000088600000, 0x0000000088600000| Untracked 
| 105|0x0000000088700000, 0x0000000088700000, 0x0000000088800000|  0%| F|  |TAMS 0x0000000088700000, 0x0000000088700000| Untracked 
| 106|0x0000000088800000, 0x0000000088800000, 0x0000000088900000|  0%| F|  |TAMS 0x0000000088800000, 0x0000000088800000| Untracked 
| 107|0x0000000088900000, 0x0000000088900000, 0x0000000088a00000|  0%| F|  |TAMS 0x0000000088900000, 0x0000000088900000| Untracked 
| 108|0x0000000088a00000, 0x0000000088a00000, 0x0000000088b00000|  0%| F|  |TAMS 0x0000000088a00000, 0x0000000088a00000| Untracked 
| 109|0x0000000088b00000, 0x0000000088b00000, 0x0000000088c00000|  0%| F|  |TAMS 0x0000000088b00000, 0x0000000088b00000| Untracked 
| 110|0x0000000088c00000, 0x0000000088c00000, 0x0000000088d00000|  0%| F|  |TAMS 0x0000000088c00000, 0x0000000088c00000| Untracked 
| 111|0x0000000088d00000, 0x0000000088d00000, 0x0000000088e00000|  0%| F|  |TAMS 0x0000000088d00000, 0x0000000088d00000| Untracked 
| 112|0x0000000088e00000, 0x0000000088e00000, 0x0000000088f00000|  0%| F|  |TAMS 0x0000000088e00000, 0x0000000088e00000| Untracked 
| 113|0x0000000088f00000, 0x0000000088f00000, 0x0000000089000000|  0%| F|  |TAMS 0x0000000088f00000, 0x0000000088f00000| Untracked 
| 114|0x0000000089000000, 0x0000000089000000, 0x0000000089100000|  0%| F|  |TAMS 0x0000000089000000, 0x0000000089000000| Untracked 
| 115|0x0000000089100000, 0x0000000089100000, 0x0000000089200000|  0%| F|  |TAMS 0x0000000089100000, 0x0000000089100000| Untracked 
| 116|0x0000000089200000, 0x0000000089200000, 0x0000000089300000|  0%| F|  |TAMS 0x0000000089200000, 0x0000000089200000| Untracked 
| 117|0x0000000089300000, 0x0000000089300000, 0x0000000089400000|  0%| F|  |TAMS 0x0000000089300000, 0x0000000089300000| Untracked 
| 118|0x0000000089400000, 0x0000000089400000, 0x0000000089500000|  0%| F|  |TAMS 0x0000000089400000, 0x0000000089400000| Untracked 
| 119|0x0000000089500000, 0x0000000089500000, 0x0000000089600000|  0%| F|  |TAMS 0x0000000089500000, 0x0000000089500000| Untracked 
| 120|0x0000000089600000, 0x0000000089600000, 0x0000000089700000|  0%| F|  |TAMS 0x0000000089600000, 0x0000000089600000| Untracked 
| 121|0x0000000089700000, 0x000000008971a3c0, 0x0000000089800000| 10%| S|CS|TAMS 0x0000000089700000, 0x0000000089700000| Complete 
| 122|0x0000000089800000, 0x0000000089800000, 0x0000000089900000|  0%| F|  |TAMS 0x0000000089800000, 0x0000000089800000| Untracked 
| 123|0x0000000089900000, 0x0000000089900000, 0x0000000089a00000|  0%| F|  |TAMS 0x0000000089900000, 0x0000000089900000| Untracked 
| 124|0x0000000089a00000, 0x0000000089a00000, 0x0000000089b00000|  0%| F|  |TAMS 0x0000000089a00000, 0x0000000089a00000| Untracked 
| 125|0x0000000089b00000, 0x0000000089b00000, 0x0000000089c00000|  0%| F|  |TAMS 0x0000000089b00000, 0x0000000089b00000| Untracked 
| 126|0x0000000089c00000, 0x0000000089c00000, 0x0000000089d00000|  0%| F|  |TAMS 0x0000000089c00000, 0x0000000089c00000| Untracked 
| 127|0x0000000089d00000, 0x0000000089d00000, 0x0000000089e00000|  0%| F|  |TAMS 0x0000000089d00000, 0x0000000089d00000| Untracked 
| 128|0x0000000089e00000, 0x0000000089e00000, 0x0000000089f00000|  0%| F|  |TAMS 0x0000000089e00000, 0x0000000089e00000| Untracked 
| 129|0x0000000089f00000, 0x0000000089f00000, 0x000000008a000000|  0%| F|  |TAMS 0x0000000089f00000, 0x0000000089f00000| Untracked 
| 130|0x000000008a000000, 0x000000008a000000, 0x000000008a100000|  0%| F|  |TAMS 0x000000008a000000, 0x000000008a000000| Untracked 
| 131|0x000000008a100000, 0x000000008a100000, 0x000000008a200000|  0%| F|  |TAMS 0x000000008a100000, 0x000000008a100000| Untracked 
| 132|0x000000008a200000, 0x000000008a200000, 0x000000008a300000|  0%| F|  |TAMS 0x000000008a200000, 0x000000008a200000| Untracked 
| 133|0x000000008a300000, 0x000000008a300000, 0x000000008a400000|  0%| F|  |TAMS 0x000000008a300000, 0x000000008a300000| Untracked 
| 134|0x000000008a400000, 0x000000008a400000, 0x000000008a500000|  0%| F|  |TAMS 0x000000008a400000, 0x000000008a400000| Untracked 
| 135|0x000000008a500000, 0x000000008a500000, 0x000000008a600000|  0%| F|  |TAMS 0x000000008a500000, 0x000000008a500000| Untracked 
| 136|0x000000008a600000, 0x000000008a600000, 0x000000008a700000|  0%| F|  |TAMS 0x000000008a600000, 0x000000008a600000| Untracked 
| 137|0x000000008a700000, 0x000000008a700000, 0x000000008a800000|  0%| F|  |TAMS 0x000000008a700000, 0x000000008a700000| Untracked 
| 138|0x000000008a800000, 0x000000008a800000, 0x000000008a900000|  0%| F|  |TAMS 0x000000008a800000, 0x000000008a800000| Untracked 
| 139|0x000000008a900000, 0x000000008a900000, 0x000000008aa00000|  0%| F|  |TAMS 0x000000008a900000, 0x000000008a900000| Untracked 
| 140|0x000000008aa00000, 0x000000008aa00000, 0x000000008ab00000|  0%| F|  |TAMS 0x000000008aa00000, 0x000000008aa00000| Untracked 
| 141|0x000000008ab00000, 0x000000008ab00000, 0x000000008ac00000|  0%| F|  |TAMS 0x000000008ab00000, 0x000000008ab00000| Untracked 
| 142|0x000000008ac00000, 0x000000008ac00000, 0x000000008ad00000|  0%| F|  |TAMS 0x000000008ac00000, 0x000000008ac00000| Untracked 
| 143|0x000000008ad00000, 0x000000008ad00000, 0x000000008ae00000|  0%| F|  |TAMS 0x000000008ad00000, 0x000000008ad00000| Untracked 
| 144|0x000000008ae00000, 0x000000008ae00000, 0x000000008af00000|  0%| F|  |TAMS 0x000000008ae00000, 0x000000008ae00000| Untracked 
| 145|0x000000008af00000, 0x000000008af00000, 0x000000008b000000|  0%| F|  |TAMS 0x000000008af00000, 0x000000008af00000| Untracked 
| 146|0x000000008b000000, 0x000000008b000000, 0x000000008b100000|  0%| F|  |TAMS 0x000000008b000000, 0x000000008b000000| Untracked 
| 147|0x000000008b100000, 0x000000008b100000, 0x000000008b200000|  0%| F|  |TAMS 0x000000008b100000, 0x000000008b100000| Untracked 
| 148|0x000000008b200000, 0x000000008b200000, 0x000000008b300000|  0%| F|  |TAMS 0x000000008b200000, 0x000000008b200000| Untracked 
| 149|0x000000008b300000, 0x000000008b300000, 0x000000008b400000|  0%| F|  |TAMS 0x000000008b300000, 0x000000008b300000| Untracked 
| 150|0x000000008b400000, 0x000000008b400000, 0x000000008b500000|  0%| F|  |TAMS 0x000000008b400000, 0x000000008b400000| Untracked 
| 151|0x000000008b500000, 0x000000008b500000, 0x000000008b600000|  0%| F|  |TAMS 0x000000008b500000, 0x000000008b500000| Untracked 
| 152|0x000000008b600000, 0x000000008b600000, 0x000000008b700000|  0%| F|  |TAMS 0x000000008b600000, 0x000000008b600000| Untracked 
| 153|0x000000008b700000, 0x000000008b700000, 0x000000008b800000|  0%| F|  |TAMS 0x000000008b700000, 0x000000008b700000| Untracked 
| 154|0x000000008b800000, 0x000000008b800000, 0x000000008b900000|  0%| F|  |TAMS 0x000000008b800000, 0x000000008b800000| Untracked 
| 155|0x000000008b900000, 0x000000008b900000, 0x000000008ba00000|  0%| F|  |TAMS 0x000000008b900000, 0x000000008b900000| Untracked 
| 156|0x000000008ba00000, 0x000000008ba00000, 0x000000008bb00000|  0%| F|  |TAMS 0x000000008ba00000, 0x000000008ba00000| Untracked 
| 157|0x000000008bb00000, 0x000000008bb00000, 0x000000008bc00000|  0%| F|  |TAMS 0x000000008bb00000, 0x000000008bb00000| Untracked 
| 158|0x000000008bc00000, 0x000000008bc00000, 0x000000008bd00000|  0%| F|  |TAMS 0x000000008bc00000, 0x000000008bc00000| Untracked 
| 159|0x000000008bd00000, 0x000000008bd00000, 0x000000008be00000|  0%| F|  |TAMS 0x000000008bd00000, 0x000000008bd00000| Untracked 
| 160|0x000000008be00000, 0x000000008be00000, 0x000000008bf00000|  0%| F|  |TAMS 0x000000008be00000, 0x000000008be00000| Untracked 
| 161|0x000000008bf00000, 0x000000008bf00000, 0x000000008c000000|  0%| F|  |TAMS 0x000000008bf00000, 0x000000008bf00000| Untracked 
| 162|0x000000008c000000, 0x000000008c000000, 0x000000008c100000|  0%| F|  |TAMS 0x000000008c000000, 0x000000008c000000| Untracked 
| 163|0x000000008c100000, 0x000000008c100000, 0x000000008c200000|  0%| F|  |TAMS 0x000000008c100000, 0x000000008c100000| Untracked 
| 164|0x000000008c200000, 0x000000008c200000, 0x000000008c300000|  0%| F|  |TAMS 0x000000008c200000, 0x000000008c200000| Untracked 
| 165|0x000000008c300000, 0x000000008c300000, 0x000000008c400000|  0%| F|  |TAMS 0x000000008c300000, 0x000000008c300000| Untracked 
| 166|0x000000008c400000, 0x000000008c400000, 0x000000008c500000|  0%| F|  |TAMS 0x000000008c400000, 0x000000008c400000| Untracked 
| 167|0x000000008c500000, 0x000000008c500000, 0x000000008c600000|  0%| F|  |TAMS 0x000000008c500000, 0x000000008c500000| Untracked 
| 168|0x000000008c600000, 0x000000008c600000, 0x000000008c700000|  0%| F|  |TAMS 0x000000008c600000, 0x000000008c600000| Untracked 
| 169|0x000000008c700000, 0x000000008c700000, 0x000000008c800000|  0%| F|  |TAMS 0x000000008c700000, 0x000000008c700000| Untracked 
| 170|0x000000008c800000, 0x000000008c800000, 0x000000008c900000|  0%| F|  |TAMS 0x000000008c800000, 0x000000008c800000| Untracked 
| 171|0x000000008c900000, 0x000000008c900000, 0x000000008ca00000|  0%| F|  |TAMS 0x000000008c900000, 0x000000008c900000| Untracked 
| 172|0x000000008ca00000, 0x000000008ca00000, 0x000000008cb00000|  0%| F|  |TAMS 0x000000008ca00000, 0x000000008ca00000| Untracked 
| 173|0x000000008cb00000, 0x000000008cb00000, 0x000000008cc00000|  0%| F|  |TAMS 0x000000008cb00000, 0x000000008cb00000| Untracked 
| 174|0x000000008cc00000, 0x000000008cc00000, 0x000000008cd00000|  0%| F|  |TAMS 0x000000008cc00000, 0x000000008cc00000| Untracked 
| 175|0x000000008cd00000, 0x000000008cd00000, 0x000000008ce00000|  0%| F|  |TAMS 0x000000008cd00000, 0x000000008cd00000| Untracked 
| 176|0x000000008ce00000, 0x000000008ce00000, 0x000000008cf00000|  0%| F|  |TAMS 0x000000008ce00000, 0x000000008ce00000| Untracked 
| 177|0x000000008cf00000, 0x000000008cf00000, 0x000000008d000000|  0%| F|  |TAMS 0x000000008cf00000, 0x000000008cf00000| Untracked 
| 178|0x000000008d000000, 0x000000008d000000, 0x000000008d100000|  0%| F|  |TAMS 0x000000008d000000, 0x000000008d000000| Untracked 
| 179|0x000000008d100000, 0x000000008d100000, 0x000000008d200000|  0%| F|  |TAMS 0x000000008d100000, 0x000000008d100000| Untracked 
| 180|0x000000008d200000, 0x000000008d200000, 0x000000008d300000|  0%| F|  |TAMS 0x000000008d200000, 0x000000008d200000| Untracked 
| 181|0x000000008d300000, 0x000000008d300000, 0x000000008d400000|  0%| F|  |TAMS 0x000000008d300000, 0x000000008d300000| Untracked 
| 182|0x000000008d400000, 0x000000008d400000, 0x000000008d500000|  0%| F|  |TAMS 0x000000008d400000, 0x000000008d400000| Untracked 
| 183|0x000000008d500000, 0x000000008d500000, 0x000000008d600000|  0%| F|  |TAMS 0x000000008d500000, 0x000000008d500000| Untracked 
| 184|0x000000008d600000, 0x000000008d600000, 0x000000008d700000|  0%| F|  |TAMS 0x000000008d600000, 0x000000008d600000| Untracked 
| 185|0x000000008d700000, 0x000000008d700000, 0x000000008d800000|  0%| F|  |TAMS 0x000000008d700000, 0x000000008d700000| Untracked 
| 186|0x000000008d800000, 0x000000008d800000, 0x000000008d900000|  0%| F|  |TAMS 0x000000008d800000, 0x000000008d800000| Untracked 
| 187|0x000000008d900000, 0x000000008d900000, 0x000000008da00000|  0%| F|  |TAMS 0x000000008d900000, 0x000000008d900000| Untracked 
| 188|0x000000008da00000, 0x000000008da00000, 0x000000008db00000|  0%| F|  |TAMS 0x000000008da00000, 0x000000008da00000| Untracked 
| 189|0x000000008db00000, 0x000000008db00000, 0x000000008dc00000|  0%| F|  |TAMS 0x000000008db00000, 0x000000008db00000| Untracked 
| 190|0x000000008dc00000, 0x000000008dc00000, 0x000000008dd00000|  0%| F|  |TAMS 0x000000008dc00000, 0x000000008dc00000| Untracked 
| 191|0x000000008dd00000, 0x000000008dd00000, 0x000000008de00000|  0%| F|  |TAMS 0x000000008dd00000, 0x000000008dd00000| Untracked 
| 192|0x000000008de00000, 0x000000008de00000, 0x000000008df00000|  0%| F|  |TAMS 0x000000008de00000, 0x000000008de00000| Untracked 
| 193|0x000000008df00000, 0x000000008df00000, 0x000000008e000000|  0%| F|  |TAMS 0x000000008df00000, 0x000000008df00000| Untracked 
| 194|0x000000008e000000, 0x000000008e000000, 0x000000008e100000|  0%| F|  |TAMS 0x000000008e000000, 0x000000008e000000| Untracked 
| 195|0x000000008e100000, 0x000000008e100000, 0x000000008e200000|  0%| F|  |TAMS 0x000000008e100000, 0x000000008e100000| Untracked 
| 196|0x000000008e200000, 0x000000008e200000, 0x000000008e300000|  0%| F|  |TAMS 0x000000008e200000, 0x000000008e200000| Untracked 
| 197|0x000000008e300000, 0x000000008e300000, 0x000000008e400000|  0%| F|  |TAMS 0x000000008e300000, 0x000000008e300000| Untracked 
| 198|0x000000008e400000, 0x000000008e400000, 0x000000008e500000|  0%| F|  |TAMS 0x000000008e400000, 0x000000008e400000| Untracked 
| 199|0x000000008e500000, 0x000000008e500000, 0x000000008e600000|  0%| F|  |TAMS 0x000000008e500000, 0x000000008e500000| Untracked 
| 200|0x000000008e600000, 0x000000008e600000, 0x000000008e700000|  0%| F|  |TAMS 0x000000008e600000, 0x000000008e600000| Untracked 
| 201|0x000000008e700000, 0x000000008e700000, 0x000000008e800000|  0%| F|  |TAMS 0x000000008e700000, 0x000000008e700000| Untracked 
| 202|0x000000008e800000, 0x000000008e800000, 0x000000008e900000|  0%| F|  |TAMS 0x000000008e800000, 0x000000008e800000| Untracked 
| 203|0x000000008e900000, 0x000000008e900000, 0x000000008ea00000|  0%| F|  |TAMS 0x000000008e900000, 0x000000008e900000| Untracked 
| 204|0x000000008ea00000, 0x000000008ea00000, 0x000000008eb00000|  0%| F|  |TAMS 0x000000008ea00000, 0x000000008ea00000| Untracked 
| 205|0x000000008eb00000, 0x000000008eb00000, 0x000000008ec00000|  0%| F|  |TAMS 0x000000008eb00000, 0x000000008eb00000| Untracked 
| 206|0x000000008ec00000, 0x000000008ec00000, 0x000000008ed00000|  0%| F|  |TAMS 0x000000008ec00000, 0x000000008ec00000| Untracked 
| 207|0x000000008ed00000, 0x000000008ed00000, 0x000000008ee00000|  0%| F|  |TAMS 0x000000008ed00000, 0x000000008ed00000| Untracked 
| 208|0x000000008ee00000, 0x000000008ee00000, 0x000000008ef00000|  0%| F|  |TAMS 0x000000008ee00000, 0x000000008ee00000| Untracked 
| 209|0x000000008ef00000, 0x000000008ef00000, 0x000000008f000000|  0%| F|  |TAMS 0x000000008ef00000, 0x000000008ef00000| Untracked 
| 210|0x000000008f000000, 0x000000008f000000, 0x000000008f100000|  0%| F|  |TAMS 0x000000008f000000, 0x000000008f000000| Untracked 
| 211|0x000000008f100000, 0x000000008f100000, 0x000000008f200000|  0%| F|  |TAMS 0x000000008f100000, 0x000000008f100000| Untracked 
| 212|0x000000008f200000, 0x000000008f200000, 0x000000008f300000|  0%| F|  |TAMS 0x000000008f200000, 0x000000008f200000| Untracked 
| 213|0x000000008f300000, 0x000000008f300000, 0x000000008f400000|  0%| F|  |TAMS 0x000000008f300000, 0x000000008f300000| Untracked 
| 214|0x000000008f400000, 0x000000008f400000, 0x000000008f500000|  0%| F|  |TAMS 0x000000008f400000, 0x000000008f400000| Untracked 
| 215|0x000000008f500000, 0x000000008f500000, 0x000000008f600000|  0%| F|  |TAMS 0x000000008f500000, 0x000000008f500000| Untracked 
| 216|0x000000008f600000, 0x000000008f600000, 0x000000008f700000|  0%| F|  |TAMS 0x000000008f600000, 0x000000008f600000| Untracked 
| 217|0x000000008f700000, 0x000000008f700000, 0x000000008f800000|  0%| F|  |TAMS 0x000000008f700000, 0x000000008f700000| Untracked 
| 218|0x000000008f800000, 0x000000008f800000, 0x000000008f900000|  0%| F|  |TAMS 0x000000008f800000, 0x000000008f800000| Untracked 
| 219|0x000000008f900000, 0x000000008f900000, 0x000000008fa00000|  0%| F|  |TAMS 0x000000008f900000, 0x000000008f900000| Untracked 
| 220|0x000000008fa00000, 0x000000008fa00000, 0x000000008fb00000|  0%| F|  |TAMS 0x000000008fa00000, 0x000000008fa00000| Untracked 
| 221|0x000000008fb00000, 0x000000008fb00000, 0x000000008fc00000|  0%| F|  |TAMS 0x000000008fb00000, 0x000000008fb00000| Untracked 
| 222|0x000000008fc00000, 0x000000008fc00000, 0x000000008fd00000|  0%| F|  |TAMS 0x000000008fc00000, 0x000000008fc00000| Untracked 
| 223|0x000000008fd00000, 0x000000008fd00000, 0x000000008fe00000|  0%| F|  |TAMS 0x000000008fd00000, 0x000000008fd00000| Untracked 
| 224|0x000000008fe00000, 0x000000008fe00000, 0x000000008ff00000|  0%| F|  |TAMS 0x000000008fe00000, 0x000000008fe00000| Untracked 
| 225|0x000000008ff00000, 0x000000008ff00000, 0x0000000090000000|  0%| F|  |TAMS 0x000000008ff00000, 0x000000008ff00000| Untracked 
| 226|0x0000000090000000, 0x0000000090000000, 0x0000000090100000|  0%| F|  |TAMS 0x0000000090000000, 0x0000000090000000| Untracked 
| 227|0x0000000090100000, 0x0000000090100000, 0x0000000090200000|  0%| F|  |TAMS 0x0000000090100000, 0x0000000090100000| Untracked 
| 228|0x0000000090200000, 0x0000000090200000, 0x0000000090300000|  0%| F|  |TAMS 0x0000000090200000, 0x0000000090200000| Untracked 
| 229|0x0000000090300000, 0x0000000090300000, 0x0000000090400000|  0%| F|  |TAMS 0x0000000090300000, 0x0000000090300000| Untracked 
| 230|0x0000000090400000, 0x0000000090400000, 0x0000000090500000|  0%| F|  |TAMS 0x0000000090400000, 0x0000000090400000| Untracked 
| 231|0x0000000090500000, 0x0000000090500000, 0x0000000090600000|  0%| F|  |TAMS 0x0000000090500000, 0x0000000090500000| Untracked 
| 232|0x0000000090600000, 0x0000000090600000, 0x0000000090700000|  0%| F|  |TAMS 0x0000000090600000, 0x0000000090600000| Untracked 
| 233|0x0000000090700000, 0x0000000090700000, 0x0000000090800000|  0%| F|  |TAMS 0x0000000090700000, 0x0000000090700000| Untracked 
| 234|0x0000000090800000, 0x0000000090800000, 0x0000000090900000|  0%| F|  |TAMS 0x0000000090800000, 0x0000000090800000| Untracked 
| 235|0x0000000090900000, 0x0000000090900000, 0x0000000090a00000|  0%| F|  |TAMS 0x0000000090900000, 0x0000000090900000| Untracked 
| 236|0x0000000090a00000, 0x0000000090a00000, 0x0000000090b00000|  0%| F|  |TAMS 0x0000000090a00000, 0x0000000090a00000| Untracked 
| 237|0x0000000090b00000, 0x0000000090b00000, 0x0000000090c00000|  0%| F|  |TAMS 0x0000000090b00000, 0x0000000090b00000| Untracked 
| 238|0x0000000090c00000, 0x0000000090c00000, 0x0000000090d00000|  0%| F|  |TAMS 0x0000000090c00000, 0x0000000090c00000| Untracked 
| 239|0x0000000090d00000, 0x0000000090d00000, 0x0000000090e00000|  0%| F|  |TAMS 0x0000000090d00000, 0x0000000090d00000| Untracked 
| 240|0x0000000090e00000, 0x0000000090e00000, 0x0000000090f00000|  0%| F|  |TAMS 0x0000000090e00000, 0x0000000090e00000| Untracked 
| 241|0x0000000090f00000, 0x0000000090f00000, 0x0000000091000000|  0%| F|  |TAMS 0x0000000090f00000, 0x0000000090f00000| Untracked 
| 242|0x0000000091000000, 0x0000000091000000, 0x0000000091100000|  0%| F|  |TAMS 0x0000000091000000, 0x0000000091000000| Untracked 
| 243|0x0000000091100000, 0x0000000091100000, 0x0000000091200000|  0%| F|  |TAMS 0x0000000091100000, 0x0000000091100000| Untracked 
| 244|0x0000000091200000, 0x0000000091200000, 0x0000000091300000|  0%| F|  |TAMS 0x0000000091200000, 0x0000000091200000| Untracked 
| 245|0x0000000091300000, 0x0000000091300000, 0x0000000091400000|  0%| F|  |TAMS 0x0000000091300000, 0x0000000091300000| Untracked 
| 246|0x0000000091400000, 0x0000000091400000, 0x0000000091500000|  0%| F|  |TAMS 0x0000000091400000, 0x0000000091400000| Untracked 
| 247|0x0000000091500000, 0x0000000091500000, 0x0000000091600000|  0%| F|  |TAMS 0x0000000091500000, 0x0000000091500000| Untracked 
| 248|0x0000000091600000, 0x0000000091600000, 0x0000000091700000|  0%| F|  |TAMS 0x0000000091600000, 0x0000000091600000| Untracked 
| 249|0x0000000091700000, 0x0000000091700000, 0x0000000091800000|  0%| F|  |TAMS 0x0000000091700000, 0x0000000091700000| Untracked 
| 250|0x0000000091800000, 0x0000000091800000, 0x0000000091900000|  0%| F|  |TAMS 0x0000000091800000, 0x0000000091800000| Untracked 
| 251|0x0000000091900000, 0x0000000091900000, 0x0000000091a00000|  0%| F|  |TAMS 0x0000000091900000, 0x0000000091900000| Untracked 
| 252|0x0000000091a00000, 0x0000000091a00000, 0x0000000091b00000|  0%| F|  |TAMS 0x0000000091a00000, 0x0000000091a00000| Untracked 
| 253|0x0000000091b00000, 0x0000000091b00000, 0x0000000091c00000|  0%| F|  |TAMS 0x0000000091b00000, 0x0000000091b00000| Untracked 
| 254|0x0000000091c00000, 0x0000000091c00000, 0x0000000091d00000|  0%| F|  |TAMS 0x0000000091c00000, 0x0000000091c00000| Untracked 
| 255|0x0000000091d00000, 0x0000000091d00000, 0x0000000091e00000|  0%| F|  |TAMS 0x0000000091d00000, 0x0000000091d00000| Untracked 
| 256|0x0000000091e00000, 0x0000000091e00000, 0x0000000091f00000|  0%| F|  |TAMS 0x0000000091e00000, 0x0000000091e00000| Untracked 
| 257|0x0000000091f00000, 0x0000000091f00000, 0x0000000092000000|  0%| F|  |TAMS 0x0000000091f00000, 0x0000000091f00000| Untracked 
| 258|0x0000000092000000, 0x0000000092000000, 0x0000000092100000|  0%| F|  |TAMS 0x0000000092000000, 0x0000000092000000| Untracked 
| 259|0x0000000092100000, 0x0000000092100000, 0x0000000092200000|  0%| F|  |TAMS 0x0000000092100000, 0x0000000092100000| Untracked 
| 260|0x0000000092200000, 0x0000000092200000, 0x0000000092300000|  0%| F|  |TAMS 0x0000000092200000, 0x0000000092200000| Untracked 
| 261|0x0000000092300000, 0x0000000092300000, 0x0000000092400000|  0%| F|  |TAMS 0x0000000092300000, 0x0000000092300000| Untracked 
| 262|0x0000000092400000, 0x0000000092400000, 0x0000000092500000|  0%| F|  |TAMS 0x0000000092400000, 0x0000000092400000| Untracked 
| 263|0x0000000092500000, 0x0000000092500000, 0x0000000092600000|  0%| F|  |TAMS 0x0000000092500000, 0x0000000092500000| Untracked 
| 264|0x0000000092600000, 0x0000000092600000, 0x0000000092700000|  0%| F|  |TAMS 0x0000000092600000, 0x0000000092600000| Untracked 
| 265|0x0000000092700000, 0x0000000092700000, 0x0000000092800000|  0%| F|  |TAMS 0x0000000092700000, 0x0000000092700000| Untracked 
| 266|0x0000000092800000, 0x0000000092800000, 0x0000000092900000|  0%| F|  |TAMS 0x0000000092800000, 0x0000000092800000| Untracked 
| 267|0x0000000092900000, 0x0000000092900000, 0x0000000092a00000|  0%| F|  |TAMS 0x0000000092900000, 0x0000000092900000| Untracked 
| 268|0x0000000092a00000, 0x0000000092a00000, 0x0000000092b00000|  0%| F|  |TAMS 0x0000000092a00000, 0x0000000092a00000| Untracked 
| 269|0x0000000092b00000, 0x0000000092b00000, 0x0000000092c00000|  0%| F|  |TAMS 0x0000000092b00000, 0x0000000092b00000| Untracked 
| 270|0x0000000092c00000, 0x0000000092c00000, 0x0000000092d00000|  0%| F|  |TAMS 0x0000000092c00000, 0x0000000092c00000| Untracked 
| 271|0x0000000092d00000, 0x0000000092d00000, 0x0000000092e00000|  0%| F|  |TAMS 0x0000000092d00000, 0x0000000092d00000| Untracked 
| 272|0x0000000092e00000, 0x0000000092e00000, 0x0000000092f00000|  0%| F|  |TAMS 0x0000000092e00000, 0x0000000092e00000| Untracked 
| 273|0x0000000092f00000, 0x0000000092f00000, 0x0000000093000000|  0%| F|  |TAMS 0x0000000092f00000, 0x0000000092f00000| Untracked 
| 274|0x0000000093000000, 0x0000000093000000, 0x0000000093100000|  0%| F|  |TAMS 0x0000000093000000, 0x0000000093000000| Untracked 
| 275|0x0000000093100000, 0x0000000093100000, 0x0000000093200000|  0%| F|  |TAMS 0x0000000093100000, 0x0000000093100000| Untracked 
| 276|0x0000000093200000, 0x0000000093200000, 0x0000000093300000|  0%| F|  |TAMS 0x0000000093200000, 0x0000000093200000| Untracked 
| 277|0x0000000093300000, 0x0000000093300000, 0x0000000093400000|  0%| F|  |TAMS 0x0000000093300000, 0x0000000093300000| Untracked 
| 278|0x0000000093400000, 0x0000000093400000, 0x0000000093500000|  0%| F|  |TAMS 0x0000000093400000, 0x0000000093400000| Untracked 
| 279|0x0000000093500000, 0x0000000093500000, 0x0000000093600000|  0%| F|  |TAMS 0x0000000093500000, 0x0000000093500000| Untracked 
| 280|0x0000000093600000, 0x0000000093600000, 0x0000000093700000|  0%| F|  |TAMS 0x0000000093600000, 0x0000000093600000| Untracked 
| 281|0x0000000093700000, 0x0000000093700000, 0x0000000093800000|  0%| F|  |TAMS 0x0000000093700000, 0x0000000093700000| Untracked 
| 282|0x0000000093800000, 0x0000000093800000, 0x0000000093900000|  0%| F|  |TAMS 0x0000000093800000, 0x0000000093800000| Untracked 
| 283|0x0000000093900000, 0x0000000093900000, 0x0000000093a00000|  0%| F|  |TAMS 0x0000000093900000, 0x0000000093900000| Untracked 
| 284|0x0000000093a00000, 0x0000000093a00000, 0x0000000093b00000|  0%| F|  |TAMS 0x0000000093a00000, 0x0000000093a00000| Untracked 
| 285|0x0000000093b00000, 0x0000000093b00000, 0x0000000093c00000|  0%| F|  |TAMS 0x0000000093b00000, 0x0000000093b00000| Untracked 
| 286|0x0000000093c00000, 0x0000000093c00000, 0x0000000093d00000|  0%| F|  |TAMS 0x0000000093c00000, 0x0000000093c00000| Untracked 
| 287|0x0000000093d00000, 0x0000000093d00000, 0x0000000093e00000|  0%| F|  |TAMS 0x0000000093d00000, 0x0000000093d00000| Untracked 
| 288|0x0000000093e00000, 0x0000000093e00000, 0x0000000093f00000|  0%| F|  |TAMS 0x0000000093e00000, 0x0000000093e00000| Untracked 
| 289|0x0000000093f00000, 0x0000000093f00000, 0x0000000094000000|  0%| F|  |TAMS 0x0000000093f00000, 0x0000000093f00000| Untracked 
| 290|0x0000000094000000, 0x0000000094000000, 0x0000000094100000|  0%| F|  |TAMS 0x0000000094000000, 0x0000000094000000| Untracked 
| 291|0x0000000094100000, 0x0000000094100000, 0x0000000094200000|  0%| F|  |TAMS 0x0000000094100000, 0x0000000094100000| Untracked 
| 292|0x0000000094200000, 0x0000000094200000, 0x0000000094300000|  0%| F|  |TAMS 0x0000000094200000, 0x0000000094200000| Untracked 
| 293|0x0000000094300000, 0x0000000094300000, 0x0000000094400000|  0%| F|  |TAMS 0x0000000094300000, 0x0000000094300000| Untracked 
| 294|0x0000000094400000, 0x0000000094400000, 0x0000000094500000|  0%| F|  |TAMS 0x0000000094400000, 0x0000000094400000| Untracked 
| 295|0x0000000094500000, 0x0000000094500000, 0x0000000094600000|  0%| F|  |TAMS 0x0000000094500000, 0x0000000094500000| Untracked 
| 296|0x0000000094600000, 0x0000000094600000, 0x0000000094700000|  0%| F|  |TAMS 0x0000000094600000, 0x0000000094600000| Untracked 
| 795|0x00000000b3900000, 0x00000000b3900000, 0x00000000b3a00000|  0%| F|  |TAMS 0x00000000b3900000, 0x00000000b3900000| Untracked 
| 830|0x00000000b5c00000, 0x00000000b5c00000, 0x00000000b5d00000|  0%| F|  |TAMS 0x00000000b5c00000, 0x00000000b5c00000| Untracked 
| 831|0x00000000b5d00000, 0x00000000b5d00000, 0x00000000b5e00000|  0%| F|  |TAMS 0x00000000b5d00000, 0x00000000b5d00000| Untracked 
| 832|0x00000000b5e00000, 0x00000000b5e00000, 0x00000000b5f00000|  0%| F|  |TAMS 0x00000000b5e00000, 0x00000000b5e00000| Untracked 
|1040|0x00000000c2e00000, 0x00000000c2e00000, 0x00000000c2f00000|  0%| F|  |TAMS 0x00000000c2e00000, 0x00000000c2e00000| Untracked 
|1041|0x00000000c2f00000, 0x00000000c2f00000, 0x00000000c3000000|  0%| F|  |TAMS 0x00000000c2f00000, 0x00000000c2f00000| Untracked 
|1042|0x00000000c3000000, 0x00000000c3000000, 0x00000000c3100000|  0%| F|  |TAMS 0x00000000c3000000, 0x00000000c3000000| Untracked 

Card table byte_map: [0x0000017f4e620000,0x0000017f4ea20000] _byte_map_base: 0x0000017f4e211000

Marking Bits (Prev, Next): (CMBitMap*) 0x0000017f43964800, (CMBitMap*) 0x0000017f439647c0
 Prev Bits: [0x0000017f50db0000, 0x0000017f52d38000)
 Next Bits: [0x0000017f4ee20000, 0x0000017f50da8000)

Polling page: 0x0000017f417b0000

Metaspace:

Usage:
  Non-class:     58.68 MB used.
      Class:      8.94 MB used.
       Both:     67.63 MB used.

Virtual space:
  Non-class space:       64.00 MB reserved,      59.75 MB ( 93%) committed,  1 nodes.
      Class space:        1.00 GB reserved,       9.50 MB ( <1%) committed,  1 nodes.
             Both:        1.06 GB reserved,      69.25 MB (  6%) committed. 

Chunk freelists:
   Non-Class:  802.00 KB
       Class:  2.78 MB
        Both:  3.56 MB

MaxMetaspaceSize: unlimited
CompressedClassSpaceSize: 1.00 GB
Initial GC threshold: 21.00 MB
Current GC threshold: 115.44 MB
CDS: on
MetaspaceReclaimPolicy: balanced
 - commit_granule_bytes: 65536.
 - commit_granule_words: 8192.
 - virtual_space_node_default_size: 8388608.
 - enlarge_chunks_in_place: 1.
 - new_chunks_are_fully_committed: 0.
 - uncommit_free_chunks: 1.
 - use_allocation_guard: 0.


Internal statistics:

num_allocs_failed_limit: 6.
num_arena_births: 1730.
num_arena_deaths: 748.
num_vsnodes_births: 2.
num_vsnodes_deaths: 0.
num_space_committed: 1108.
num_space_uncommitted: 0.
num_chunks_returned_to_freelist: 920.
num_chunks_taken_from_freelist: 4728.
num_chunk_merges: 257.
num_chunk_splits: 3144.
num_chunks_enlarged: 2230.
num_inconsistent_stats: 0.

CodeCache: size=49152Kb used=30068Kb max_used=31133Kb free=19084Kb
 bounds [0x0000017f4b220000, 0x0000017f4d100000, 0x0000017f4e220000]
 total_blobs=17589 nmethods=16933 adapters=581
 compilation: enabled
              stopped_count=0, restarted_count=0
 full_count=0

Compilation events (20 events):
Event: 4164.695 Thread 0x0000017f54fc6750 17263       1       java.util.TimeZone::getDisplayName (129 bytes)
Event: 4180.928 Thread 0x0000017f54fc6750 nmethod 17263 0x0000017f4cfb8910 code [0x0000017f4cfb8b60, 0x0000017f4cfb9318]
Event: 4182.457 Thread 0x0000017f54fc6750 17264       1       java.util.concurrent.ConcurrentLinkedQueue::poll (84 bytes)
Event: 4182.544 Thread 0x0000017f54fc6750 nmethod 17264 0x0000017f4cfb6a90 code [0x0000017f4cfb6e00, 0x0000017f4cfb8168]
Event: 4183.534 Thread 0x0000017f54fc6750 17265       1       sun.util.locale.provider.TimeZoneNameUtility::retrieveDisplayNamesImpl (205 bytes)
Event: 4183.563 Thread 0x0000017f54fc6750 nmethod 17265 0x0000017f4cfb5790 code [0x0000017f4cfb59e0, 0x0000017f4cfb65f8]
Event: 4184.006 Thread 0x0000017f54fc6750 17266       1       java.util.Collections$UnmodifiableCollection::containsAll (11 bytes)
Event: 4184.012 Thread 0x0000017f54fc6750 nmethod 17266 0x0000017f4cfb5490 code [0x0000017f4cfb5620, 0x0000017f4cfb5708]
Event: 4184.012 Thread 0x0000017f54fc6750 17267       1       java.util.TreeMap$KeySet::spliterator (8 bytes)
Event: 4184.042 Thread 0x0000017f54fc6750 nmethod 17267 0x0000017f4cfb5190 code [0x0000017f4cfb5320, 0x0000017f4cfb5408]
Event: 4184.049 Thread 0x0000017f54fc6750 17268       1       sun.management.LazyCompositeData::getString (25 bytes)
Event: 4184.078 Thread 0x0000017f54fc6750 nmethod 17268 0x0000017f4cfb4d90 code [0x0000017f4cfb4f40, 0x0000017f4cfb50d8]
Event: 4186.842 Thread 0x0000017f54fc6750 17269       1       org.apache.tomcat.util.http.ConcurrentDateFormat::format (41 bytes)
Event: 4186.856 Thread 0x0000017f54fc6750 nmethod 17269 0x0000017f4cfb4590 code [0x0000017f4cfb4780, 0x0000017f4cfb4ac8]
Event: 4199.484 Thread 0x0000017f54fc6750 17270       1       com.sun.jmx.mbeanserver.Util::cast (2 bytes)
Event: 4199.484 Thread 0x0000017f54fc6750 nmethod 17270 0x0000017f4cfb4290 code [0x0000017f4cfb4420, 0x0000017f4cfb44d8]
Event: 4212.567 Thread 0x0000017f54fc6750 17271       1       sun.nio.ch.SelectorImpl::selectNow (7 bytes)
Event: 4213.121 Thread 0x0000017f54fc6750 nmethod 17271 0x0000017f4cfb3f90 code [0x0000017f4cfb4120, 0x0000017f4cfb4208]
Event: 4248.214 Thread 0x0000017f54fc6750 17272       1       java.net.Socket::<init> (56 bytes)
Event: 4248.231 Thread 0x0000017f54fc6750 nmethod 17272 0x0000017f4cfb3b90 code [0x0000017f4cfb3d20, 0x0000017f4cfb3f18]

GC Heap History (20 events):
Event: 4204.990 GC heap after
{Heap after GC invocations=120 (full 0):
 garbage-first heap   total 311296K, used 85664K [0x0000000081e00000, 0x0000000100000000)
  region size 1024K, 1 young (1024K), 1 survivors (1024K)
 Metaspace       used 69249K, committed 70912K, reserved 1114112K
  class space    used 9156K, committed 9728K, reserved 1048576K
}
Event: 4208.953 GC heap before
{Heap before GC invocations=120 (full 0):
 garbage-first heap   total 311296K, used 100000K [0x0000000081e00000, 0x0000000100000000)
  region size 1024K, 15 young (15360K), 1 survivors (1024K)
 Metaspace       used 69249K, committed 70912K, reserved 1114112K
  class space    used 9156K, committed 9728K, reserved 1048576K
}
Event: 4209.195 GC heap after
{Heap after GC invocations=121 (full 0):
 garbage-first heap   total 856064K, used 85314K [0x0000000081e00000, 0x0000000100000000)
  region size 1024K, 1 young (1024K), 1 survivors (1024K)
 Metaspace       used 69249K, committed 70912K, reserved 1114112K
  class space    used 9156K, committed 9728K, reserved 1048576K
}
Event: 4213.116 GC heap before
{Heap before GC invocations=121 (full 0):
 garbage-first heap   total 856064K, used 126274K [0x0000000081e00000, 0x0000000100000000)
  region size 1024K, 41 young (41984K), 1 survivors (1024K)
 Metaspace       used 69249K, committed 70912K, reserved 1114112K
  class space    used 9156K, committed 9728K, reserved 1048576K
}
Event: 4213.121 GC heap after
{Heap after GC invocations=122 (full 0):
 garbage-first heap   total 856064K, used 85362K [0x0000000081e00000, 0x0000000100000000)
  region size 1024K, 1 young (1024K), 1 survivors (1024K)
 Metaspace       used 69249K, committed 70912K, reserved 1114112K
  class space    used 9156K, committed 9728K, reserved 1048576K
}
Event: 4214.063 GC heap before
{Heap before GC invocations=123 (full 0):
 garbage-first heap   total 311296K, used 101746K [0x0000000081e00000, 0x0000000100000000)
  region size 1024K, 17 young (17408K), 1 survivors (1024K)
 Metaspace       used 69249K, committed 70912K, reserved 1114112K
  class space    used 9156K, committed 9728K, reserved 1048576K
}
Event: 4214.064 GC heap after
{Heap after GC invocations=124 (full 0):
 garbage-first heap   total 311296K, used 85348K [0x0000000081e00000, 0x0000000100000000)
  region size 1024K, 1 young (1024K), 1 survivors (1024K)
 Metaspace       used 69249K, committed 70912K, reserved 1114112K
  class space    used 9156K, committed 9728K, reserved 1048576K
}
Event: 4214.674 GC heap before
{Heap before GC invocations=124 (full 0):
 garbage-first heap   total 311296K, used 99684K [0x0000000081e00000, 0x0000000100000000)
  region size 1024K, 15 young (15360K), 1 survivors (1024K)
 Metaspace       used 69249K, committed 70912K, reserved 1114112K
  class space    used 9156K, committed 9728K, reserved 1048576K
}
Event: 4214.773 GC heap after
{Heap after GC invocations=125 (full 0):
 garbage-first heap   total 311296K, used 85224K [0x0000000081e00000, 0x0000000100000000)
  region size 1024K, 1 young (1024K), 1 survivors (1024K)
 Metaspace       used 69249K, committed 70912K, reserved 1114112K
  class space    used 9156K, committed 9728K, reserved 1048576K
}
Event: 4215.530 GC heap before
{Heap before GC invocations=125 (full 0):
 garbage-first heap   total 311296K, used 99560K [0x0000000081e00000, 0x0000000100000000)
  region size 1024K, 15 young (15360K), 1 survivors (1024K)
 Metaspace       used 69249K, committed 70912K, reserved 1114112K
  class space    used 9156K, committed 9728K, reserved 1048576K
}
Event: 4215.689 GC heap after
{Heap after GC invocations=126 (full 0):
 garbage-first heap   total 311296K, used 85092K [0x0000000081e00000, 0x0000000100000000)
  region size 1024K, 1 young (1024K), 1 survivors (1024K)
 Metaspace       used 69249K, committed 70912K, reserved 1114112K
  class space    used 9156K, committed 9728K, reserved 1048576K
}
Event: 4220.146 GC heap before
{Heap before GC invocations=126 (full 0):
 garbage-first heap   total 311296K, used 170084K [0x0000000081e00000, 0x0000000100000000)
  region size 1024K, 85 young (87040K), 1 survivors (1024K)
 Metaspace       used 69249K, committed 70912K, reserved 1114112K
  class space    used 9156K, committed 9728K, reserved 1048576K
}
Event: 4221.395 GC heap after
{Heap after GC invocations=127 (full 0):
 garbage-first heap   total 311296K, used 85058K [0x0000000081e00000, 0x0000000100000000)
  region size 1024K, 1 young (1024K), 1 survivors (1024K)
 Metaspace       used 69249K, committed 70912K, reserved 1114112K
  class space    used 9156K, committed 9728K, reserved 1048576K
}
Event: 4235.097 GC heap before
{Heap before GC invocations=128 (full 0):
 garbage-first heap   total 311296K, used 260162K [0x0000000081e00000, 0x0000000100000000)
  region size 1024K, 172 young (176128K), 1 survivors (1024K)
 Metaspace       used 69249K, committed 70912K, reserved 1114112K
  class space    used 9156K, committed 9728K, reserved 1048576K
}
Event: 4235.284 GC heap after
{Heap after GC invocations=129 (full 0):
 garbage-first heap   total 311296K, used 85093K [0x0000000081e00000, 0x0000000100000000)
  region size 1024K, 1 young (1024K), 1 survivors (1024K)
 Metaspace       used 69249K, committed 70912K, reserved 1114112K
  class space    used 9156K, committed 9728K, reserved 1048576K
}
Event: 4236.201 GC heap before
{Heap before GC invocations=129 (full 0):
 garbage-first heap   total 311296K, used 99429K [0x0000000081e00000, 0x0000000100000000)
  region size 1024K, 15 young (15360K), 1 survivors (1024K)
 Metaspace       used 69249K, committed 70912K, reserved 1114112K
  class space    used 9156K, committed 9728K, reserved 1048576K
}
Event: 4236.861 GC heap after
{Heap after GC invocations=130 (full 0):
 garbage-first heap   total 311296K, used 84788K [0x0000000081e00000, 0x0000000100000000)
  region size 1024K, 1 young (1024K), 1 survivors (1024K)
 Metaspace       used 69249K, committed 70912K, reserved 1114112K
  class space    used 9156K, committed 9728K, reserved 1048576K
}
Event: 4237.703 GC heap before
{Heap before GC invocations=130 (full 0):
 garbage-first heap   total 311296K, used 99124K [0x0000000081e00000, 0x0000000100000000)
  region size 1024K, 15 young (15360K), 1 survivors (1024K)
 Metaspace       used 69249K, committed 70912K, reserved 1114112K
  class space    used 9156K, committed 9728K, reserved 1048576K
}
Event: 4237.815 GC heap after
{Heap after GC invocations=131 (full 0):
 garbage-first heap   total 311296K, used 84625K [0x0000000081e00000, 0x0000000100000000)
  region size 1024K, 1 young (1024K), 1 survivors (1024K)
 Metaspace       used 69249K, committed 70912K, reserved 1114112K
  class space    used 9156K, committed 9728K, reserved 1048576K
}
Event: 4248.406 GC heap before
{Heap before GC invocations=131 (full 0):
 garbage-first heap   total 311296K, used 268945K [0x0000000081e00000, 0x0000000100000000)
  region size 1024K, 182 young (186368K), 1 survivors (1024K)
 Metaspace       used 69250K, committed 70912K, reserved 1114112K
  class space    used 9157K, committed 9728K, reserved 1048576K
}

Deoptimization events (20 events):
Event: 98.186 Thread 0x0000017f43906b20 DEOPT PACKING pc=0x0000017f4b6a3daa sp=0x0000002969dfdb40
Event: 98.186 Thread 0x0000017f43906b20 DEOPT UNPACKING pc=0x0000017f4b272b43 sp=0x0000002969dfd048 mode 3
Event: 102.182 Thread 0x0000017f43906b20 DEOPT PACKING pc=0x0000017f4c24215c sp=0x0000002969dfdf60
Event: 102.182 Thread 0x0000017f43906b20 DEOPT UNPACKING pc=0x0000017f4b272b43 sp=0x0000002969dfd480 mode 0
Event: 104.841 Thread 0x0000017f43906b20 DEOPT PACKING pc=0x0000017f4ba019d4 sp=0x0000002969dfd2c0
Event: 104.841 Thread 0x0000017f43906b20 DEOPT UNPACKING pc=0x0000017f4b272b43 sp=0x0000002969dfc960 mode 0
Event: 104.845 Thread 0x0000017f43906b20 DEOPT PACKING pc=0x0000017f4ba019d4 sp=0x0000002969dfebe0
Event: 104.845 Thread 0x0000017f43906b20 DEOPT UNPACKING pc=0x0000017f4b272b43 sp=0x0000002969dfe280 mode 0
Event: 146.774 Thread 0x0000017f5b33d950 DEOPT PACKING pc=0x0000017f4c55014c sp=0x000000296c9fc630
Event: 146.774 Thread 0x0000017f5b33d950 DEOPT UNPACKING pc=0x0000017f4b272b43 sp=0x000000296c9fbbd0 mode 0
Event: 146.774 Thread 0x0000017f5b33d950 DEOPT PACKING pc=0x0000017f4c55021c sp=0x000000296c9fc890
Event: 146.774 Thread 0x0000017f5b33d950 DEOPT UNPACKING pc=0x0000017f4b272b43 sp=0x000000296c9fbe30 mode 0
Event: 146.774 Thread 0x0000017f5b33d950 DEOPT PACKING pc=0x0000017f4c55014c sp=0x000000296c9fcc80
Event: 146.774 Thread 0x0000017f5b33d950 DEOPT UNPACKING pc=0x0000017f4b272b43 sp=0x000000296c9fc200 mode 0
Event: 146.965 Thread 0x0000017f5b33d950 DEOPT PACKING pc=0x0000017f4bbb7d00 sp=0x000000296c9fdb00
Event: 146.965 Thread 0x0000017f5b33d950 DEOPT UNPACKING pc=0x0000017f4b272b43 sp=0x000000296c9fcfd0 mode 3
Event: 1146.486 Thread 0x0000017f5bd9f300 DEOPT PACKING pc=0x0000017f4c41cba5 sp=0x000000296befa660
Event: 1146.487 Thread 0x0000017f5bd9f300 DEOPT UNPACKING pc=0x0000017f4b272b43 sp=0x000000296bef9b68 mode 3
Event: 1146.948 Thread 0x0000017f59b0b520 DEOPT PACKING pc=0x0000017f4c98ec20 sp=0x000000296c0faf90
Event: 1146.949 Thread 0x0000017f59b0b520 DEOPT UNPACKING pc=0x0000017f4b272b43 sp=0x000000296c0fa498 mode 3

Classes loaded (20 events):
Event: 1146.692 Loading class java/math/BigDecimal$StringBuilderHelper
Event: 1146.693 Loading class java/math/BigDecimal$StringBuilderHelper done
Event: 1146.724 Loading class java/time/format/DateTimeFormatterBuilder$ZoneTextPrinterParser
Event: 1146.724 Loading class java/time/format/DateTimeFormatterBuilder$ZoneTextPrinterParser done
Event: 1146.724 Loading class java/time/format/DateTimeFormatterBuilder$ReducedPrinterParser
Event: 1146.725 Loading class java/time/format/DateTimeFormatterBuilder$ReducedPrinterParser done
Event: 1146.957 Loading class sun/reflect/Reflection
Event: 1146.957 Loading class sun/reflect/Reflection done
Event: 1149.247 Loading class java/io/EOFException
Event: 1149.248 Loading class java/io/EOFException done
Event: 1278.667 Loading class java/util/concurrent/ConcurrentLinkedQueue$Itr
Event: 1278.679 Loading class java/util/concurrent/ConcurrentLinkedQueue$Itr done
Event: 1797.749 Loading class javax/net/ssl/SSLSocket
Event: 1797.762 Loading class javax/net/ssl/SSLSocket done
Event: 3300.909 Loading class java/util/concurrent/atomic/Striped64$Cell
Event: 3300.991 Loading class java/util/concurrent/atomic/Striped64$Cell done
Event: 4246.400 Loading class sun/net/ConnectionResetException
Event: 4246.437 Loading class java/net/SocketException
Event: 4246.446 Loading class java/net/SocketException done
Event: 4246.449 Loading class sun/net/ConnectionResetException done

Classes unloaded (20 events):
Event: 3707.549 Thread 0x0000017f54fa7490 Unloading class 0x0000000800cf9000 'jdk/internal/reflect/GeneratedSerializationConstructorAccessor17'
Event: 3707.549 Thread 0x0000017f54fa7490 Unloading class 0x0000000800cf8c00 'jdk/internal/reflect/GeneratedSerializationConstructorAccessor16'
Event: 3707.549 Thread 0x0000017f54fa7490 Unloading class 0x0000000800cf8800 'jdk/internal/reflect/GeneratedSerializationConstructorAccessor15'
Event: 3707.549 Thread 0x0000017f54fa7490 Unloading class 0x0000000800cf8400 'jdk/internal/reflect/GeneratedSerializationConstructorAccessor14'
Event: 3707.549 Thread 0x0000017f54fa7490 Unloading class 0x0000000800cf8000 'jdk/internal/reflect/GeneratedSerializationConstructorAccessor13'
Event: 3707.549 Thread 0x0000017f54fa7490 Unloading class 0x0000000800cf3c00 'jdk/internal/reflect/GeneratedSerializationConstructorAccessor12'
Event: 3707.549 Thread 0x0000017f54fa7490 Unloading class 0x0000000800cf3800 'jdk/internal/reflect/GeneratedSerializationConstructorAccessor11'
Event: 3707.549 Thread 0x0000017f54fa7490 Unloading class 0x0000000800cf1800 'java/lang/invoke/LambdaForm$MH+0x0000000800cf1800'
Event: 3707.550 Thread 0x0000017f54fa7490 Unloading class 0x0000000800cf1000 'jdk/internal/reflect/GeneratedSerializationConstructorAccessor10'
Event: 3707.550 Thread 0x0000017f54fa7490 Unloading class 0x0000000800cf0c00 'jdk/internal/reflect/GeneratedSerializationConstructorAccessor9'
Event: 3707.550 Thread 0x0000017f54fa7490 Unloading class 0x0000000800cebc00 'jdk/internal/reflect/GeneratedSerializationConstructorAccessor8'
Event: 3707.550 Thread 0x0000017f54fa7490 Unloading class 0x0000000800ce6c00 'jdk/internal/reflect/GeneratedSerializationConstructorAccessor7'
Event: 3707.550 Thread 0x0000017f54fa7490 Unloading class 0x0000000800ce6800 'jdk/internal/reflect/GeneratedSerializationConstructorAccessor6'
Event: 3707.550 Thread 0x0000017f54fa7490 Unloading class 0x0000000800ce6400 'jdk/internal/reflect/GeneratedSerializationConstructorAccessor5'
Event: 3707.552 Thread 0x0000017f54fa7490 Unloading class 0x0000000800ce6000 'jdk/internal/reflect/GeneratedSerializationConstructorAccessor4'
Event: 3707.552 Thread 0x0000017f54fa7490 Unloading class 0x0000000800cc1800 'java/lang/invoke/LambdaForm$MH+0x0000000800cc1800'
Event: 3707.553 Thread 0x0000017f54fa7490 Unloading class 0x0000000800cc0c00 'jdk/internal/reflect/GeneratedSerializationConstructorAccessor2'
Event: 3707.553 Thread 0x0000017f54fa7490 Unloading class 0x0000000800cc0800 'jdk/internal/reflect/GeneratedSerializationConstructorAccessor1'
Event: 3707.553 Thread 0x0000017f54fa7490 Unloading class 0x0000000800c04400 'java/lang/invoke/LambdaForm$MH+0x0000000800c04400'
Event: 3985.764 Thread 0x0000017f54fa7490 Unloading class 0x000000080157ac00 'java/lang/invoke/LambdaForm$MH+0x000000080157ac00'

Classes redefined (0 events):
No events

Internal exceptions (20 events):
Event: 4246.801 Thread 0x0000017f5b33f630 Exception <a 'sun/net/ConnectionResetException'{0x000000008b80f410}: Connection reset> (0x000000008b80f410) 
thrown [t:\workspace\open\src\hotspot\share\prims\jni.cpp, line 535]
Event: 4246.836 Thread 0x0000017f59b0d200 Exception <a 'sun/net/ConnectionResetException'{0x000000008b7797c8}: Connection reset> (0x000000008b7797c8) 
thrown [t:\workspace\open\src\hotspot\share\prims\jni.cpp, line 535]
Event: 4246.889 Thread 0x0000017f5bda0170 Exception <a 'sun/net/ConnectionResetException'{0x000000008be65330}: Connection reset> (0x000000008be65330) 
thrown [t:\workspace\open\src\hotspot\share\prims\jni.cpp, line 535]
Event: 4246.932 Thread 0x0000017f59b0c860 Exception <a 'sun/net/ConnectionResetException'{0x000000008bb39b30}: Connection reset> (0x000000008bb39b30) 
thrown [t:\workspace\open\src\hotspot\share\prims\jni.cpp, line 535]
Event: 4247.305 Thread 0x0000017f5b3467b0 Exception <a 'sun/net/ConnectionResetException'{0x000000008ad6c7d8}: Connection reset> (0x000000008ad6c7d8) 
thrown [t:\workspace\open\src\hotspot\share\prims\jni.cpp, line 535]
Event: 4247.339 Thread 0x0000017f5b33f630 Exception <a 'sun/net/ConnectionResetException'{0x000000008acd91b0}: Connection reset> (0x000000008acd91b0) 
thrown [t:\workspace\open\src\hotspot\share\prims\jni.cpp, line 535]
Event: 4247.377 Thread 0x0000017f59b0d200 Exception <a 'sun/net/ConnectionResetException'{0x000000008aa46798}: Connection reset> (0x000000008aa46798) 
thrown [t:\workspace\open\src\hotspot\share\prims\jni.cpp, line 535]
Event: 4247.415 Thread 0x0000017f5bda0170 Exception <a 'sun/net/ConnectionResetException'{0x000000008a9b3898}: Connection reset> (0x000000008a9b3898) 
thrown [t:\workspace\open\src\hotspot\share\prims\jni.cpp, line 535]
Event: 4247.539 Thread 0x0000017f59b0b9f0 Exception <a 'java/io/IOException'{0x000000008a4b29f8}: Connection reset by peer> (0x000000008a4b29f8) 
thrown [t:\workspace\open\src\hotspot\share\prims\jni.cpp, line 535]
Event: 4247.729 Thread 0x0000017f59b0b520 Exception <a 'sun/net/ConnectionResetException'{0x000000008a7dc998}: Connection reset> (0x000000008a7dc998) 
thrown [t:\workspace\open\src\hotspot\share\prims\jni.cpp, line 535]
Event: 4247.776 Thread 0x0000017f5bda0640 Exception <a 'sun/net/ConnectionResetException'{0x000000008a6908c8}: Connection reset> (0x000000008a6908c8) 
thrown [t:\workspace\open\src\hotspot\share\prims\jni.cpp, line 535]
Event: 4247.814 Thread 0x0000017f59b0e070 Exception <a 'sun/net/ConnectionResetException'{0x000000008a546728}: Connection reset> (0x000000008a546728) 
thrown [t:\workspace\open\src\hotspot\share\prims\jni.cpp, line 535]
Event: 4247.854 Thread 0x0000017f5bd9f300 Exception <a 'sun/net/ConnectionResetException'{0x000000008a5f7800}: Connection reset> (0x000000008a5f7800) 
thrown [t:\workspace\open\src\hotspot\share\prims\jni.cpp, line 535]
Event: 4247.891 Thread 0x0000017f59b0b9f0 Exception <a 'sun/net/ConnectionResetException'{0x000000008a4b2db8}: Connection reset> (0x000000008a4b2db8) 
thrown [t:\workspace\open\src\hotspot\share\prims\jni.cpp, line 535]
Event: 4247.987 Thread 0x0000017f5bda0640 Exception <a 'sun/net/ConnectionResetException'{0x000000008a690f28}: Connection reset> (0x000000008a690f28) 
thrown [t:\workspace\open\src\hotspot\share\prims\jni.cpp, line 535]
Event: 4248.144 Thread 0x0000017f59b0b9f0 Exception <a 'sun/net/ConnectionResetException'{0x000000008a4b3418}: Connection reset> (0x000000008a4b3418) 
thrown [t:\workspace\open\src\hotspot\share\prims\jni.cpp, line 535]
Event: 4248.181 Thread 0x0000017f59b0b520 Exception <a 'sun/net/ConnectionResetException'{0x000000008a7dd350}: Connection reset> (0x000000008a7dd350) 
thrown [t:\workspace\open\src\hotspot\share\prims\jni.cpp, line 535]
Event: 4248.212 Thread 0x0000017f5bda0640 Exception <a 'sun/net/ConnectionResetException'{0x000000008a691588}: Connection reset> (0x000000008a691588) 
thrown [t:\workspace\open\src\hotspot\share\prims\jni.cpp, line 535]
Event: 4248.241 Thread 0x0000017f59b0e070 Exception <a 'sun/net/ConnectionResetException'{0x000000008a5470e0}: Connection reset> (0x000000008a5470e0) 
thrown [t:\workspace\open\src\hotspot\share\prims\jni.cpp, line 535]
Event: 4248.304 Thread 0x0000017f5bda0170 Exception <a 'sun/net/ConnectionResetException'{0x0000000089dcbd08}: Connection reset> (0x0000000089dcbd08) 
thrown [t:\workspace\open\src\hotspot\share\prims\jni.cpp, line 535]

VM Operations (20 events):
Event: 4213.777 Executing VM operation: G1Concurrent done
Event: 4214.063 Executing VM operation: G1CollectForAllocation
Event: 4214.064 Executing VM operation: G1CollectForAllocation done
Event: 4214.674 Executing VM operation: G1CollectForAllocation
Event: 4214.773 Executing VM operation: G1CollectForAllocation done
Event: 4215.530 Executing VM operation: G1CollectForAllocation
Event: 4215.689 Executing VM operation: G1CollectForAllocation done
Event: 4220.146 Executing VM operation: G1CollectForAllocation
Event: 4221.395 Executing VM operation: G1CollectForAllocation done
Event: 4221.749 Executing VM operation: G1Concurrent
Event: 4221.764 Executing VM operation: G1Concurrent done
Event: 4223.005 Executing VM operation: G1Concurrent
Event: 4223.005 Executing VM operation: G1Concurrent done
Event: 4235.097 Executing VM operation: G1CollectForAllocation
Event: 4235.284 Executing VM operation: G1CollectForAllocation done
Event: 4236.201 Executing VM operation: G1CollectForAllocation
Event: 4236.861 Executing VM operation: G1CollectForAllocation done
Event: 4237.703 Executing VM operation: G1CollectForAllocation
Event: 4237.815 Executing VM operation: G1CollectForAllocation done
Event: 4248.406 Executing VM operation: G1CollectForAllocation

Events (20 events):
Event: 3701.043 Thread 0x0000017f5bf66040 Thread added: 0x0000017f5bf66040
Event: 3709.238 Thread 0x0000017f5bf66040 Thread exited: 0x0000017f5bf66040
Event: 3746.239 Thread 0x0000017f5b345e10 Thread added: 0x0000017f5b345e10
Event: 3754.810 Thread 0x0000017f5b345e10 Thread exited: 0x0000017f5b345e10
Event: 3834.044 Thread 0x0000017f5b8a0550 Thread added: 0x0000017f5b8a0550
Event: 3841.213 Thread 0x0000017f5b8a0550 Thread exited: 0x0000017f5b8a0550
Event: 3875.070 Thread 0x0000017f5b89ed40 Thread added: 0x0000017f5b89ed40
Event: 3881.229 Thread 0x0000017f5b89ed40 Thread exited: 0x0000017f5b89ed40
Event: 3904.905 Thread 0x0000017f5b345e10 Thread added: 0x0000017f5b345e10
Event: 3915.455 Thread 0x0000017f5b345e10 Thread exited: 0x0000017f5b345e10
Event: 3933.619 Thread 0x0000017f5b345e10 Thread added: 0x0000017f5b345e10
Event: 3946.631 Thread 0x0000017f5b345e10 Thread exited: 0x0000017f5b345e10
Event: 3975.030 Thread 0x0000017f5b33e2f0 Thread added: 0x0000017f5b33e2f0
Event: 3988.947 Thread 0x0000017f5b33e2f0 Thread exited: 0x0000017f5b33e2f0
Event: 4015.035 Thread 0x0000017f5b89f6e0 Thread added: 0x0000017f5b89f6e0
Event: 4021.702 Thread 0x0000017f5b89f6e0 Thread exited: 0x0000017f5b89f6e0
Event: 4071.218 Thread 0x0000017f59b0aa60 Thread added: 0x0000017f59b0aa60
Event: 4071.226 Thread 0x0000017f5b215870 Thread added: 0x0000017f5b215870
Event: 4074.458 Thread 0x0000017f5b215870 Thread exited: 0x0000017f5b215870
Event: 4076.779 Thread 0x0000017f59b0aa60 Thread exited: 0x0000017f59b0aa60


Dynamic libraries:
0x00007ff6a3960000 - 0x00007ff6a396e000 	C:\Users\Lenovo\.jdks\openjdk-18\bin\java.exe
0x00007ff824af0000 - 0x00007ff824ce5000 	C:\WINDOWS\SYSTEM32\ntdll.dll
0x00007ff824270000 - 0x00007ff82432d000 	C:\WINDOWS\System32\KERNEL32.DLL
0x00007ff8223e0000 - 0x00007ff8226ad000 	C:\WINDOWS\System32\KERNELBASE.dll
0x00007ff8222b0000 - 0x00007ff8223b0000 	C:\WINDOWS\System32\ucrtbase.dll
0x00007ff81db20000 - 0x00007ff81db3a000 	C:\Users\Lenovo\.jdks\openjdk-18\bin\VCRUNTIME140.dll
0x00007ff81d5d0000 - 0x00007ff81d5e7000 	C:\Users\Lenovo\.jdks\openjdk-18\bin\jli.dll
0x00007ff824560000 - 0x00007ff824700000 	C:\WINDOWS\System32\USER32.dll
0x00007ff8221d0000 - 0x00007ff8221f2000 	C:\WINDOWS\System32\win32u.dll
0x00007ff8234a0000 - 0x00007ff8234ca000 	C:\WINDOWS\System32\GDI32.dll
0x00007ff8228d0000 - 0x00007ff8229db000 	C:\WINDOWS\System32\gdi32full.dll
0x00007ff8229e0000 - 0x00007ff822a7d000 	C:\WINDOWS\System32\msvcp_win.dll
0x00007ff80ce80000 - 0x00007ff80d11a000 	C:\WINDOWS\WinSxS\amd64_microsoft.windows.common-controls_6595b64144ccf1df_6.0.19041.1110_none_60b5254171f9507e\COMCTL32.dll
0x00007ff823810000 - 0x00007ff8238ae000 	C:\WINDOWS\System32\msvcrt.dll
0x00007ff823910000 - 0x00007ff823940000 	C:\WINDOWS\System32\IMM32.DLL
0x00007ff81e100000 - 0x00007ff81e10c000 	C:\Users\Lenovo\.jdks\openjdk-18\bin\vcruntime140_1.dll
0x00007ff81d150000 - 0x00007ff81d1dd000 	C:\Users\Lenovo\.jdks\openjdk-18\bin\msvcp140.dll
0x00007fffcff20000 - 0x00007fffd0b31000 	C:\Users\Lenovo\.jdks\openjdk-18\bin\server\jvm.dll
0x00007ff823940000 - 0x00007ff8239ee000 	C:\WINDOWS\System32\ADVAPI32.dll
0x00007ff8244c0000 - 0x00007ff82455c000 	C:\WINDOWS\System32\sechost.dll
0x00007ff824140000 - 0x00007ff824265000 	C:\WINDOWS\System32\RPCRT4.dll
0x00007ff823680000 - 0x00007ff823688000 	C:\WINDOWS\System32\PSAPI.DLL
0x00007ff8022f0000 - 0x00007ff8022f9000 	C:\WINDOWS\SYSTEM32\WSOCK32.dll
0x00007ff823430000 - 0x00007ff82349b000 	C:\WINDOWS\System32\WS2_32.dll
0x00007ffffa090000 - 0x00007ffffa0b7000 	C:\WINDOWS\SYSTEM32\WINMM.dll
0x00007ff815ef0000 - 0x00007ff815efa000 	C:\WINDOWS\SYSTEM32\VERSION.dll
0x00007ff8200d0000 - 0x00007ff8200e2000 	C:\WINDOWS\SYSTEM32\kernel.appcore.dll
0x00007ff81dac0000 - 0x00007ff81daca000 	C:\Users\Lenovo\.jdks\openjdk-18\bin\jimage.dll
0x00007ff803040000 - 0x00007ff803224000 	C:\WINDOWS\SYSTEM32\DBGHELP.DLL
0x00007ff800470000 - 0x00007ff80049c000 	C:\WINDOWS\SYSTEM32\dbgcore.DLL
0x00007ff822a80000 - 0x00007ff822b02000 	C:\WINDOWS\System32\bcryptPrimitives.dll
0x00007ff81d550000 - 0x00007ff81d55e000 	C:\Users\Lenovo\.jdks\openjdk-18\bin\instrument.dll
0x00007ff81d4c0000 - 0x00007ff81d4e5000 	C:\Users\Lenovo\.jdks\openjdk-18\bin\java.dll
0x00007ff81c200000 - 0x00007ff81c2d6000 	C:\Users\Lenovo\.jdks\openjdk-18\bin\jsvml.dll
0x00007ff8239f0000 - 0x00007ff824134000 	C:\WINDOWS\System32\SHELL32.dll
0x00007ff8202d0000 - 0x00007ff820a64000 	C:\WINDOWS\SYSTEM32\windows.storage.dll
0x00007ff824720000 - 0x00007ff824a74000 	C:\WINDOWS\System32\combase.dll
0x00007ff821bc0000 - 0x00007ff821bec000 	C:\WINDOWS\SYSTEM32\Wldp.dll
0x00007ff824410000 - 0x00007ff8244bd000 	C:\WINDOWS\System32\SHCORE.dll
0x00007ff8230f0000 - 0x00007ff823145000 	C:\WINDOWS\System32\shlwapi.dll
0x00007ff822110000 - 0x00007ff82212f000 	C:\WINDOWS\SYSTEM32\profapi.dll
0x00007ff81d3a0000 - 0x00007ff81d3b8000 	C:\Users\Lenovo\.jdks\openjdk-18\bin\zip.dll
0x00007ff81d4a0000 - 0x00007ff81d4b3000 	C:\Users\Lenovo\.jdks\openjdk-18\bin\net.dll
0x00007ff81a260000 - 0x00007ff81a36a000 	C:\WINDOWS\SYSTEM32\WINHTTP.dll
0x00007ff8218c0000 - 0x00007ff82192a000 	C:\WINDOWS\system32\mswsock.dll
0x00007ff81d3c0000 - 0x00007ff81d3d6000 	C:\Users\Lenovo\.jdks\openjdk-18\bin\nio.dll
0x00007ff81d2a0000 - 0x00007ff81d2ba000 	C:\Program Files\JetBrains\IntelliJ IDEA 2021.3.2\bin\breakgen64.dll
0x00007ff8215f0000 - 0x00007ff8216bb000 	C:\WINDOWS\SYSTEM32\DNSAPI.dll
0x00007ff8215b0000 - 0x00007ff8215eb000 	C:\WINDOWS\SYSTEM32\IPHLPAPI.DLL
0x00007ff822ff0000 - 0x00007ff822ff8000 	C:\WINDOWS\System32\NSI.dll
0x00007ff81a6b0000 - 0x00007ff81a6ba000 	C:\Windows\System32\rasadhlp.dll
0x00007ff81a420000 - 0x00007ff81a4a0000 	C:\WINDOWS\System32\fwpuclnt.dll
0x00007ff8223b0000 - 0x00007ff8223d7000 	C:\WINDOWS\System32\bcrypt.dll
0x00007ff81d490000 - 0x00007ff81d499000 	C:\Users\Lenovo\.jdks\openjdk-18\bin\management.dll
0x00007ff81d460000 - 0x00007ff81d46b000 	C:\Users\Lenovo\.jdks\openjdk-18\bin\management_ext.dll
0x00007ff821ac0000 - 0x00007ff821ad8000 	C:\WINDOWS\SYSTEM32\CRYPTSP.dll
0x00007ff821240000 - 0x00007ff821274000 	C:\WINDOWS\system32\rsaenh.dll
0x00007ff822090000 - 0x00007ff8220be000 	C:\WINDOWS\SYSTEM32\USERENV.dll
0x00007ff821ab0000 - 0x00007ff821abc000 	C:\WINDOWS\SYSTEM32\CRYPTBASE.dll
0x00007ff81c0e0000 - 0x00007ff81c0f7000 	C:\WINDOWS\SYSTEM32\dhcpcsvc6.DLL
0x00007ff81c0c0000 - 0x00007ff81c0dd000 	C:\WINDOWS\SYSTEM32\dhcpcsvc.DLL
0x00007ffff8080000 - 0x00007ffff8097000 	C:\WINDOWS\system32\napinsp.dll
0x00007ffff8060000 - 0x00007ffff807b000 	C:\WINDOWS\system32\pnrpnsp.dll
0x00007ff81ded0000 - 0x00007ff81deed000 	C:\WINDOWS\system32\NLAapi.dll
0x00007ffff7f30000 - 0x00007ffff7f45000 	C:\WINDOWS\system32\wshbth.dll
0x00007ffff7f10000 - 0x00007ffff7f22000 	C:\WINDOWS\System32\winrnr.dll

dbghelp: loaded successfully - version: 4.0.5 - missing functions: none
symbol engine: initialized successfully - sym options: 0x614 - pdb path: .;C:\Users\Lenovo\.jdks\openjdk-18\bin;C:\WINDOWS\SYSTEM32;C:\WINDOWS\WinSxS\amd64_microsoft.windows.common-controls_6595b64144ccf1df_6.0.19041.1110_none_60b5254171f9507e;C:\Users\Lenovo\.jdks\openjdk-18\bin\server;C:\Program Files\JetBrains\IntelliJ IDEA 2021.3.2\bin

VM Arguments:
jvm_args: -XX:TieredStopAtLevel=1 -Xverify:none -Dspring.output.ansi.enabled=always -Dcom.sun.management.jmxremote -Dspring.jmx.enabled=true -Dspring.liveBeansView.mbeanDomain -Dspring.application.admin.enabled=true -javaagent:C:\Program Files\JetBrains\IntelliJ IDEA 2021.3.2\lib\idea_rt.jar=56660:C:\Program Files\JetBrains\IntelliJ IDEA 2021.3.2\bin -Dfile.encoding=UTF-8 
java_command: com.ird.faa.FaaApplication
java_class_path (initial): D:\ProjectFD\HotelManagment\backend\target\classes;C:\Users\Lenovo\.m2\repository\org\springframework\spring-core\5.3.19\spring-core-5.3.19.jar;C:\Users\Lenovo\.m2\repository\org\springframework\spring-jcl\5.2.5.RELEASE\spring-jcl-5.2.5.RELEASE.jar;C:\Users\Lenovo\.m2\repository\org\springframework\boot\spring-boot-starter-data-jpa\2.2.6.RELEASE\spring-boot-starter-data-jpa-2.2.6.RELEASE.jar;C:\Users\Lenovo\.m2\repository\org\springframework\boot\spring-boot-starter-aop\2.2.6.RELEASE\spring-boot-starter-aop-2.2.6.RELEASE.jar;C:\Users\Lenovo\.m2\repository\org\aspectj\aspectjweaver\1.9.5\aspectjweaver-1.9.5.jar;C:\Users\Lenovo\.m2\repository\org\springframework\boot\spring-boot-starter-jdbc\2.2.6.RELEASE\spring-boot-starter-jdbc-2.2.6.RELEASE.jar;C:\Users\Lenovo\.m2\repository\com\zaxxer\HikariCP\3.4.2\HikariCP-3.4.2.jar;C:\Users\Lenovo\.m2\repository\org\springframework\spring-jdbc\5.2.5.RELEASE\spring-jdbc-5.2.5.RELEASE.jar;C:\Users\Lenovo\.m2\repository\jakarta\activation\jakarta.activation-api\1.2.2\jakarta.activation-api-1.2.2.jar;C:\Users\Lenovo\.m2\repository\jakarta\persistence\jakarta.persistence-api\2.2.3\jakarta.persistence-api-2.2.3.jar;C:\Users\Lenovo\.m2\repository\jakarta\transaction\jakarta.transaction-api\1.3.3\jakarta.transaction-api-1.3.3.jar;C:\Users\Lenovo\.m2\repository\org\hibernate\hibernate-core\5.4.12.Final\hibernate-core-5.4.12.Final.jar;C:\Users\Lenovo\.m2\repository\org\jboss\logging\jboss-logging\3.4.1.Final\jboss-logging-3.4.1.Final.jar;C:\Users\Lenovo\.m2\repository\org\javassist\javassist\3.24.0-GA\javassist-3.24.0-GA.jar;C:\Users\Lenovo\.m2\repository\net\bytebuddy\byte-buddy\1.10.8\byte-buddy-1.10.8.jar;C:\Users\Lenovo\.m2\repository\antlr\antlr\2.7.7\antlr-2.7.7.jar;C:\Users\Lenovo\.m2\repository\org\jboss\jandex\2.1.1.Final\jandex-2.1.1.Final.jar;C:\Users\Lenovo\.m2\repository\org\dom4j\dom4j\2.1.1\dom4j-2.1.1.jar;C:\Users\Lenovo\.m2\repository\org\hibernate\common\hibernate-commons-annotations\5.1.0.Final\hibernate-commons-annotations-5.1.0.Final.jar;C:\Users\Lenovo\.m2\repository\org\glassfish\jaxb\jaxb-runtime\2.3.2\jaxb-runtime-2.3.2.jar;C:\Users\Lenovo\.m2\repository\org\glassfish\jaxb\txw2\2.3.2\txw2-2.3.2.jar;C:\Users\Lenovo\.m2\repository\com\sun\istack\istack-commons-runtime\3.0.8\istack-commons-runtime-3.0.8.jar;C:\Users\Lenovo\.m2\repository\org\jvnet\staxex\stax-ex\1.8.1\stax-ex-1.8.1.jar;C:\Users\Lenovo\.m2\repository\com\sun\xml\fastinfoset\FastInfoset\1.2.16\FastInfoset-1.2.16.jar;C:\Users\Lenovo\.m2\repository\org\springframework\data\spring-data-jpa\2.2.6.RELEASE\spring-data-jpa-2.2.6.RELEASE.jar;C:\Users\Lenovo\.m2\repository\org\springframework\data\spring-data-commons\2.2.6.RELEASE\spring-data-commons-2.2.6.RELEASE.jar;C:\Users\Lenovo\.m2\repository\org\springframework\spring-orm\5.2.5.RELEASE\spring-orm-5.2.5.RELEASE.jar;C:\Users\Lenovo\.m2\repository\org\springframework\spring-context\5.2.5.RELEASE\spring-context-5.2.5.RELEASE.jar;C:\Users\Lenovo\.m2\repository\org\springframework\spring-tx\5.2.5.RELEASE\spring-tx-5.2.5.RELEASE.jar;C:\Users\Lenovo\.m2\repository\org\springframework\spring-beans\5.2.5.RELEASE\spring-beans-5.2.5.RELEASE.jar;C:\Users\Lenovo\.m2\repository\org\springframework\spring-aspects\5.2.5.RELEASE\spring-aspects-5.2.5.RELEASE.jar;C:\Users\Lenovo\.m2\repository\org\springframework\boot\spring-boot-starter-web\2.2.6.RELEASE\spring-boot-starter-web-2.2.6.RELEASE.jar;C:\Users\Lenovo\.m2\repository\org\springframework\boot\spring-boot-starter\2.2.6.RELEASE\spring-boot-starter-2.2.6.RELEASE.jar;C:\Users\Lenovo\.m2\repository\org\springframework\boot\spring-boot\2.2.6.RELEASE\spring-boot-2.2.6.RELEASE.jar;C:\Users\Lenovo\.m2\repository\org\springframework\boot\spring-boot-autoconfigure\2.2.6.RELEASE\spring-boot-autoconfigure-2.2.6.RELEASE.jar;C:\Users\Lenovo\.m2\repository\org\springframework\boot\spring-boot-starter-logging\2.2.6.RELEASE\spring-boot-starter-logging-2.2.6.RELEASE.jar;C:\Users\Lenovo\.m2\repository\ch\qos\logback\logback-classic\1.2.3\logback-classic-1.2.3.jar;C:\Users\Lenovo\.m2\repository\ch\qos\logback\logback-core\1.2.3\logback-core-1.2.3.jar;C:\Users\Lenovo\.m2\repository\org\apache\logging\log4j\log4j-to-slf4j\2.12.1\log4j-to-slf4j-2.12.1.jar;C:\Users\Lenovo\.m2\repository\org\apache\logging\log4j\log4j-api\2.12.1\log4j-api-2.12.1.jar;C:\Users\Lenovo\.m2\repository\org\slf4j\jul-to-slf4j\1.7.30\jul-to-slf4j-1.7.30.jar;C:\Users\Lenovo\.m2\repository\jakarta\annotation\jakarta.annotation-api\1.3.5\jakarta.annotation-api-1.3.5.jar;C:\Users\Lenovo\.m2\repository\org\yaml\snakeyaml\1.25\snakeyaml-1.25.jar;C:\Users\Lenovo\.m2\repository\org\springframework\boot\spring-boot-starter-json\2.2.6.RELEASE\spring-boot-starter-json-2.2.6.RELEASE.jar;C:\Users\Lenovo\.m2\repository\com\fasterxml\jackson\datatype\jackson-datatype-jdk8\2.10.3\jackson-datatype-jdk8-2.10.3.jar;C:\Users\Lenovo\.m2\repository\com\fasterxml\jackson\datatype\jackson-datatype-jsr310\2.10.3\jackson-datatype-jsr310-2.10.3.jar;C:\Users\Lenovo\.m2\repository\com\fasterxml\jackson\module\jackson-module-parameter-names\2.10.3\jackson-module-parameter-names-2.10.3.jar;C:\Users\Lenovo\.m2\repository\org\springframework\boot\spring-boot-starter-tomcat\2.2.6.RELEASE\spring-boot-starter-tomcat-2.2.6.RELEASE.jar;C:\Users\Lenovo\.m2\repository\org\apache\tomcat\embed\tomcat-embed-core\9.0.33\tomcat-embed-core-9.0.33.jar;C:\Users\Lenovo\.m2\repository\org\apache\tomcat\embed\tomcat-embed-el\9.0.33\tomcat-embed-el-9.0.33.jar;C:\Users\Lenovo\.m2\repository\org\apache\tomcat\embed\tomcat-embed-websocket\9.0.33\tomcat-embed-websocket-9.0.33.jar;C:\Users\Lenovo\.m2\repository\org\springframework\boot\spring-boot-starter-validation\2.2.6.RELEASE\spring-boot-starter-validation-2.2.6.RELEASE.jar;C:\Users\Lenovo\.m2\repository\jakarta\validation\jakarta.validation-api\2.0.2\jakarta.validation-api-2.0.2.jar;C:\Users\Lenovo\.m2\repository\org\hibernate\validator\hibernate-validator\6.0.18.Final\hibernate-validator-6.0.18.Final.jar;C:\Users\Lenovo\.m2\repository\org\springframework\spring-web\5.2.5.RELEASE\spring-web-5.2.5.RELEASE.jar;C:\Users\Lenovo\.m2\repository\org\springframework\spring-webmvc\5.2.5.RELEASE\spring-webmvc-5.2.5.RELEASE.jar;C:\Users\Lenovo\.m2\repository\org\springframework\spring-expression\5.2.5.RELEASE\spring-expression-5.2.5.RELEASE.jar;C:\Users\Lenovo\.m2\repository\org\springframework\boot\spring-boot-starter-security\2.2.6.RELEASE\spring-boot-starter-security-2.2.6.RELEASE.jar;C:\Users\Lenovo\.m2\repository\org\springframework\spring-aop\5.2.5.RELEASE\spring-aop-5.2.5.RELEASE.jar;C:\Users\Lenovo\.m2\repository\org\springframework\security\spring-security-config\5.2.2.RELEASE\spring-security-config-5.2.2.RELEASE.jar;C:\Users\Lenovo\.m2\repository\org\springframework\security\spring-security-web\5.2.2.RELEASE\spring-security-web-5.2.2.RELEASE.jar;C:\Users\Lenovo\.m2\repository\io\springfox\springfox-swagger-ui\3.0.0\springfox-swagger-ui-3.0.0.jar;C:\Users\Lenovo\.m2\repository\io\springfox\springfox-spring-webmvc\3.0.0\springfox-spring-webmvc-3.0.0.jar;C:\Users\Lenovo\.m2\repository\io\springfox\springfox-core\3.0.0\springfox-core-3.0.0.jar;C:\Users\Lenovo\.m2\repository\io\springfox\springfox-swagger2\3.0.0\springfox-swagger2-3.0.0.jar;C:\Users\Lenovo\.m2\repository\io\springfox\springfox-spi\3.0.0\springfox-spi-3.0.0.jar;C:\Users\Lenovo\.m2\repository\io\springfox\springfox-schema\3.0.0\springfox-schema-3.0.0.jar;C:\Users\Lenovo\.m2\repository\io\springfox\springfox-swagger-common\3.0.0\springfox-swagger-common-3.0.0.jar;C:\Users\Lenovo\.m2\repository\io\swagger\core\v3\swagger-annotations\2.1.2\swagger-annotations-2.1.2.jar;C:\Users\Lenovo\.m2\repository\io\springfox\springfox-spring-web\3.0.0\springfox-spring-web-3.0.0.jar;C:\Users\Lenovo\.m2\repository\io\github\classgraph\classgraph\4.8.83\classgraph-4.8.83.jar;C:\Users\Lenovo\.m2\repository\io\springfox\springfox-spring-webflux\3.0.0\springfox-spring-webflux-3.0.0.jar;C:\Users\Lenovo\.m2\repository\com\fasterxml\classmate\1.5.1\classmate-1.5.1.jar;C:\Users\Lenovo\.m2\repository\org\slf4j\slf4j-api\1.7.30\slf4j-api-1.7.30.jar;C:\Users\Lenovo\.m2\repository\org\springframework\plugin\spring-plugin-core\2.0.0.RELEASE\spring-plugin-core-2.0.0.RELEASE.jar;C:\Users\Lenovo\.m2\repository\org\springframework\plugin\spring-plugin-metadata\2.0.0.RELEASE\spring-plugin-metadata-2.0.0.RELEASE.jar;C:\Users\Lenovo\.m2\repository\io\swagger\swagger-annotations\1.5.20\swagger-annotations-1.5.20.jar;C:\Users\Lenovo\.m2\repository\io\swagger\swagger-models\1.5.20\swagger-models-1.5.20.jar;C:\Users\Lenovo\.m2\repository\com\fasterxml\jackson\core\jackson-annotations\2.10.3\jackson-annotations-2.10.3.jar;C:\Users\Lenovo\.m2\repository\org\mapstruct\mapstruct\1.3.1.Final\mapstruct-1.3.1.Final.jar;C:\Users\Lenovo\.m2\repository\org\springframework\security\spring-security-core\5.2.2.RELEASE\spring-security-core-5.2.2.RELEASE.jar;C:\Users\Lenovo\.m2\repository\com\auth0\java-jwt\3.19.1\java-jwt-3.19.1.jar;C:\Users\Lenovo\.m2\repository\com\fasterxml\jackson\core\jackson-databind\2.10.3\jackson-databind-2.10.3.jar;C:\Users\Lenovo\.m2\repository\com\fasterxml\jackson\core\jackson-core\2.10.3\jackson-core-2.10.3.jar;C:\Users\Lenovo\.m2\repository\org\springframework\boot\spring-boot-starter-actuator\2.2.6.RELEASE\spring-boot-starter-actuator-2.2.6.RELEASE.jar;C:\Users\Lenovo\.m2\repository\org\springframework\boot\spring-boot-actuator-autoconfigure\2.2.6.RELEASE\spring-boot-actuator-autoconfigure-2.2.6.RELEASE.jar;C:\Users\Lenovo\.m2\repository\org\springframework\boot\spring-boot-actuator\2.2.6.RELEASE\spring-boot-actuator-2.2.6.RELEASE.jar;C:\Users\Lenovo\.m2\repository\io\micrometer\micrometer-core\1.3.6\micrometer-core-1.3.6.jar;C:\Users\Lenovo\.m2\repository\org\hdrhistogram\HdrHistogram\2.1.11\HdrHistogram-2.1.11.jar;C:\Users\Lenovo\.m2\repository\org\latencyutils\LatencyUtils\2.0.3\LatencyUtils-2.0.3.jar;C:\Users\Lenovo\.m2\repository\mysql\mysql-connector-java\8.0.19\mysql-connector-java-8.0.19.jar;C:\Users\Lenovo\.m2\repository\jakarta\xml\bind\jakarta.xml.bind-api\2.3.3\jakarta.xml.bind-api-2.3.3.jar
Launcher Type: SUN_STANDARD

[Global flags]
     intx CICompilerCount                          = 3                                         {product} {ergonomic}
     uint ConcGCThreads                            = 1                                         {product} {ergonomic}
     uint G1ConcRefinementThreads                  = 4                                         {product} {ergonomic}
   size_t G1HeapRegionSize                         = 1048576                                   {product} {ergonomic}
    uintx GCDrainStackTargetSize                   = 64                                        {product} {ergonomic}
   size_t InitialHeapSize                          = 134217728                                 {product} {ergonomic}
     bool ManagementServer                         = true                                      {product} {command line}
   size_t MarkStackSize                            = 4194304                                   {product} {ergonomic}
   size_t MaxHeapSize                              = 2116026368                                {product} {ergonomic}
   size_t MaxNewSize                               = 1268776960                                {product} {ergonomic}
   size_t MinHeapDeltaBytes                        = 1048576                                   {product} {ergonomic}
   size_t MinHeapSize                              = 8388608                                   {product} {ergonomic}
    uintx NonProfiledCodeHeapSize                  = 0                                      {pd product} {ergonomic}
     bool ProfileInterpreter                       = false                                  {pd product} {command line}
    uintx ProfiledCodeHeapSize                     = 0                                      {pd product} {ergonomic}
   size_t SoftMaxHeapSize                          = 2116026368                             {manageable} {ergonomic}
     intx TieredStopAtLevel                        = 1                                         {product} {command line}
     bool UseCompressedClassPointers               = true                           {product lp64_product} {ergonomic}
     bool UseCompressedOops                        = true                           {product lp64_product} {ergonomic}
     bool UseG1GC                                  = true                                      {product} {ergonomic}
     bool UseLargePagesIndividualAllocation        = false                                  {pd product} {ergonomic}

Logging:
Log output configuration:
 #0: stdout all=warning uptime,level,tags foldmultilines=false
 #1: stderr all=off uptime,level,tags foldmultilines=false

Environment Variables:
JAVA_HOME=C:\Program Files\Java\jdk-17.0.2\bin
CLASSPATH=C:\Program Files\Java\jdk-17.0.2\lib\*.jar
PATH=C:\Users\Lenovo\AppData\Local\Programs\Python\Python310\Scripts\;C:\Users\Lenovo\AppData\Local\Programs\Python\Python310\;C:\Program Files (x86)\VMware\VMware Workstation\bin\;C:\Program Files\Common Files\Oracle\Java\javapath;C:\app\hamza\product\12.2.0\dbhome_1\bin;C:\app\Lenovo\product\21c\dbhomeXE\bin;C:\WINDOWS\system32;C:\WINDOWS;C:\WINDOWS\System32\Wbem;C:\WINDOWS\System32\WindowsPowerShell\v1.0\;C:\WINDOWS\System32\OpenSSH\;C:\Program Files (x86)\dotnet\;C:\Program Files\Git\cmd;C:\Program Files\Java\jdk-17.0.2\bin;C:\ProgramData\chocolatey\bin;C:\Program Files\nodejs\;C:\Users\Lenovo\AppData\Local\Microsoft\WindowsApps;C:\Users\Lenovo\AppData\Local\Programs\Microsoft VS Code\bin;D:\PHP;C:\Program Files\JetBrains\IntelliJ IDEA Community Edition 2021.3.2\bin;;C:\Program Files\JetBrains\IntelliJ IDEA 2021.3.2\bin;;C:\Users\Lenovo\AppData\Local\GitHubDesktop\bin;C:\Program Files\JetBrains\WebStorm 2021.3.2\bin;;C:\Users\Lenovo\AppData\Roaming\npm
USERNAME=Lenovo
OS=Windows_NT
PROCESSOR_IDENTIFIER=Intel64 Family 6 Model 78 Stepping 3, GenuineIntel



---------------  S Y S T E M  ---------------

OS:
 Windows 10 , 64 bit Build 19041 (10.0.19041.1706)
OS uptime: 12 days 2:29 hours

CPU: total 4 (initial active 4) (2 cores per cpu, 2 threads per core) family 6 model 78 stepping 3 microcode 0xcc, cx8, cmov, fxsr, ht, mmx, 3dnowpref, sse, sse2, sse3, ssse3, sse4.1, sse4.2, popcnt, lzcnt, tsc, tscinvbit, avx, avx2, aes, erms, clmul, bmi1, bmi2, adx, fma, vzeroupper, clflush, clflushopt

Memory: 4k page, system-wide physical 8065M (322M free)
TotalPageFile size 32641M (AvailPageFile size 126M)
current process WorkingSet (physical memory assigned to process): 350M, peak: 417M
current process commit charge ("private bytes"): 523M, peak: 1289M

vm_info: OpenJDK 64-Bit Server VM (18+36-2087) for windows-amd64 JRE (18+36-2087), built on Feb 15 2022 09:37:35 by "mach5one" with MS VC++ 16.8 / 16.9 (VS2019)

END.
